2022-06-01 07:19:21.321  INFO 66668 --- [main] com.coatardbul.stock.StockApplication    : The following profiles are active: tx
2022-06-01 07:19:22.842  INFO 66668 --- [main] .s.d.r.c.RepositoryConfigurationDelegate : Multiple Spring Data modules found, entering strict repository configuration mode!
2022-06-01 07:19:22.847  INFO 66668 --- [main] .s.d.r.c.RepositoryConfigurationDelegate : Bootstrapping Spring Data repositories in DEFAULT mode.
2022-06-01 07:19:23.087  INFO 66668 --- [main] .s.d.r.c.RepositoryConfigurationDelegate : Finished Spring Data repository scanning in 34ms. Found 0 repository interfaces.
2022-06-01 07:19:23.623  INFO 66668 --- [main] o.s.cloud.context.scope.GenericScope     : BeanFactory id=b44735b6-a756-3107-a750-65d01e36f509
2022-06-01 07:19:23.812  INFO 66668 --- [main] trationDelegate$BeanPostProcessorChecker : Bean 'org.springframework.transaction.annotation.ProxyTransactionManagementConfiguration' of type [org.springframework.transaction.annotation.ProxyTransactionManagementConfiguration$$EnhancerBySpringCGLIB$$1] is not eligible for getting processed by all BeanPostProcessors (for example: not eligible for auto-proxying)
2022-06-01 07:19:24.019  INFO 66668 --- [main] trationDelegate$BeanPostProcessorChecker : Bean 'redisConfig' of type [com.coatardbul.stock.common.config.RedisConfig$$EnhancerBySpringCGLIB$$1] is not eligible for getting processed by all BeanPostProcessors (for example: not eligible for auto-proxying)
2022-06-01 07:19:24.108  INFO 66668 --- [main] trationDelegate$BeanPostProcessorChecker : Bean 'org.springframework.cloud.autoconfigure.ConfigurationPropertiesRebinderAutoConfiguration' of type [org.springframework.cloud.autoconfigure.ConfigurationPropertiesRebinderAutoConfiguration$$EnhancerBySpringCGLIB$$1] is not eligible for getting processed by all BeanPostProcessors (for example: not eligible for auto-proxying)
2022-06-01 07:19:24.888  INFO 66668 --- [main] o.s.b.w.embedded.tomcat.TomcatWebServer  : Tomcat initialized with port(s): 9006 (http)
2022-06-01 07:19:24.928  INFO 66668 --- [main] o.apache.catalina.core.StandardService   : Starting service [Tomcat]
2022-06-01 07:19:24.929  INFO 66668 --- [main] org.apache.catalina.core.StandardEngine  : Starting Servlet engine: [Apache Tomcat/9.0.21]
2022-06-01 07:19:25.190  INFO 66668 --- [main] o.a.c.c.C.[Tomcat].[localhost].[/stock]  : Initializing Spring embedded WebApplicationContext
2022-06-01 07:19:25.190 DEBUG 66668 --- [main] o.s.web.context.ContextLoader            : Published root WebApplicationContext as ServletContext attribute with name [org.springframework.web.context.WebApplicationContext.ROOT]
2022-06-01 07:19:25.190  INFO 66668 --- [main] o.s.web.context.ContextLoader            : Root WebApplicationContext: initialization completed in 3839 ms
2022-06-01 07:19:25.537  INFO 66668 --- [main] f.a.AutowiredAnnotationBeanPostProcessor : Autowired annotation should only be used on methods with parameters: public void com.coatardbul.stock.service.base.CosService.setClientConfig()
2022-06-01 07:19:25.946  INFO 66668 --- [main] f.a.AutowiredAnnotationBeanPostProcessor : Autowired annotation should only be used on methods with parameters: public void com.coatardbul.stock.service.statistic.ProxyIpService.setProxyIps()
2022-06-01 07:19:26.621  INFO 66668 --- [main] o.s.b.d.a.OptionalLiveReloadServer       : LiveReload server is running on port 35729
2022-06-01 07:19:27.119  INFO 66668 --- [main] c.a.d.s.b.a.DruidDataSourceAutoConfigure : Init DruidDataSource
2022-06-01 07:19:27.445  INFO 66668 --- [main] com.alibaba.druid.pool.DruidDataSource   : {dataSource-1} inited
2022-06-01 07:19:29.252  INFO 66668 --- [main] f.a.AutowiredAnnotationBeanPostProcessor : Autowired annotation should only be used on methods with parameters: public void com.coatardbul.stock.service.base.StockStrategyService.refreshCookie()
2022-06-01 07:19:30.273  INFO 66668 --- [main] f.a.AutowiredAnnotationBeanPostProcessor : Autowired annotation should only be used on methods with parameters: public void com.coatardbul.stock.controller.unuse.StockController.PostLoanController()
2022-06-01 07:19:30.786 DEBUG 66668 --- [main] s.w.s.m.m.a.RequestMappingHandlerMapping : 99 mappings in 'requestMappingHandlerMapping'
2022-06-01 07:19:30.947  INFO 66668 --- [main] pertySourcedRequestMappingHandlerMapping : Mapped URL path [/v2/api-docs] onto method [public org.springframework.http.ResponseEntity<springfox.documentation.spring.web.json.Json> springfox.documentation.swagger2.web.Swagger2Controller.getDocumentation(java.lang.String,javax.servlet.http.HttpServletRequest)]
2022-06-01 07:19:30.978  INFO 66668 --- [main] c.c.stock.common.config.XxlJobConfig     : >>>>>>>>>>> xxl-job config init.
2022-06-01 07:19:31.003  WARN 66668 --- [main] c.n.c.sources.URLConfigurationSource     : No URLs will be polled as dynamic configuration sources.
2022-06-01 07:19:31.003  INFO 66668 --- [main] c.n.c.sources.URLConfigurationSource     : To enable URLs as dynamic configuration sources, define System property archaius.configurationSource.additionalUrls or make config.properties available on classpath.
2022-06-01 07:19:31.009  WARN 66668 --- [main] c.n.c.sources.URLConfigurationSource     : No URLs will be polled as dynamic configuration sources.
2022-06-01 07:19:31.009  INFO 66668 --- [main] c.n.c.sources.URLConfigurationSource     : To enable URLs as dynamic configuration sources, define System property archaius.configurationSource.additionalUrls or make config.properties available on classpath.
2022-06-01 07:19:31.109 DEBUG 66668 --- [main] o.s.w.s.handler.SimpleUrlHandlerMapping  : Patterns [/**/favicon.ico] in 'faviconHandlerMapping'
2022-06-01 07:19:31.334  INFO 66668 --- [main] o.s.s.concurrent.ThreadPoolTaskExecutor  : Initializing ExecutorService 'applicationTaskExecutor'
2022-06-01 07:19:31.383 DEBUG 66668 --- [main] s.w.s.m.m.a.RequestMappingHandlerAdapter : ControllerAdvice beans: 0 @ModelAttribute, 0 @InitBinder, 1 RequestBodyAdvice, 1 ResponseBodyAdvice
2022-06-01 07:19:31.441 DEBUG 66668 --- [main] o.s.w.s.handler.SimpleUrlHandlerMapping  : Patterns [/webjars/**, /**] in 'resourceHandlerMapping'
2022-06-01 07:19:31.464 DEBUG 66668 --- [main] .m.m.a.ExceptionHandlerExceptionResolver : ControllerAdvice beans: 1 @ExceptionHandler, 1 ResponseBodyAdvice
2022-06-01 07:19:32.307  INFO 66668 --- [main] org.quartz.impl.StdSchedulerFactory      : Using default implementation for ThreadExecutor
2022-06-01 07:19:32.323  INFO 66668 --- [main] org.quartz.core.SchedulerSignalerImpl    : Initialized Scheduler Signaller of type: class org.quartz.core.SchedulerSignalerImpl
2022-06-01 07:19:32.324  INFO 66668 --- [main] org.quartz.core.QuartzScheduler          : Quartz Scheduler v.2.3.1 created.
2022-06-01 07:19:32.325  INFO 66668 --- [main] org.quartz.simpl.RAMJobStore             : RAMJobStore initialized.
2022-06-01 07:19:32.326  INFO 66668 --- [main] org.quartz.core.QuartzScheduler          : Scheduler meta-data: Quartz Scheduler (v2.3.1) 'quartzScheduler' with instanceId 'NON_CLUSTERED'
  Scheduler class: 'org.quartz.core.QuartzScheduler' - running locally.
  NOT STARTED.
  Currently in standby mode.
  Number of jobs executed: 0
  Using thread pool 'org.quartz.simpl.SimpleThreadPool' - with 10 threads.
  Using job-store 'org.quartz.simpl.RAMJobStore' - which does not support persistence. and is not clustered.

2022-06-01 07:19:32.326  INFO 66668 --- [main] org.quartz.impl.StdSchedulerFactory      : Quartz scheduler 'quartzScheduler' initialized from an externally provided properties instance.
2022-06-01 07:19:32.326  INFO 66668 --- [main] org.quartz.impl.StdSchedulerFactory      : Quartz scheduler version: 2.3.1
2022-06-01 07:19:32.326  INFO 66668 --- [main] org.quartz.core.QuartzScheduler          : JobFactory set to: org.springframework.scheduling.quartz.SpringBeanJobFactory@e700641
2022-06-01 07:19:32.762  INFO 66668 --- [main] c.xxl.job.core.executor.XxlJobExecutor   : >>>>>>>>>>> xxl-job register jobhandler success, name:dayUpDownJobHandler, jobHandler:com.xxl.job.core.handler.impl.MethodJobHandler@2de11117[class com.coatardbul.stock.task.DayStatisticJob#dayUpDownJobHandler]
2022-06-01 07:19:32.763  INFO 66668 --- [main] c.xxl.job.core.executor.XxlJobExecutor   : >>>>>>>>>>> xxl-job register jobhandler success, name:dayTwoUpLimitJobHandler, jobHandler:com.xxl.job.core.handler.impl.MethodJobHandler@4c93cf28[class com.coatardbul.stock.task.DayStatisticJob#dayTwoUpLimitJobHandler]
2022-06-01 07:19:32.763  INFO 66668 --- [main] c.xxl.job.core.executor.XxlJobExecutor   : >>>>>>>>>>> xxl-job register jobhandler success, name:openStockOneJobHandler, jobHandler:com.xxl.job.core.handler.impl.MethodJobHandler@4e5dcc50[class com.coatardbul.stock.task.DayStatisticJob#openStockOneJobHandler]
2022-06-01 07:19:32.763  INFO 66668 --- [main] c.xxl.job.core.executor.XxlJobExecutor   : >>>>>>>>>>> xxl-job register jobhandler success, name:openStockTwoJobHandler, jobHandler:com.xxl.job.core.handler.impl.MethodJobHandler@47be3679[class com.coatardbul.stock.task.DayStatisticJob#openStockTwoJobHandler]
2022-06-01 07:19:32.763  INFO 66668 --- [main] c.xxl.job.core.executor.XxlJobExecutor   : >>>>>>>>>>> xxl-job register jobhandler success, name:dayMarketValueUpLimitJobHandler, jobHandler:com.xxl.job.core.handler.impl.MethodJobHandler@6272fe30[class com.coatardbul.stock.task.DayStatisticJob#dayMarketValueUpLimitJobHandler]
2022-06-01 07:19:32.763  INFO 66668 --- [main] c.xxl.job.core.executor.XxlJobExecutor   : >>>>>>>>>>> xxl-job register jobhandler success, name:dayTwoAboveUpLimitVolPriceJobHandler, jobHandler:com.xxl.job.core.handler.impl.MethodJobHandler@30ca87d9[class com.coatardbul.stock.task.DayStatisticJob#dayTwoAboveUpLimitVolPriceJobHandler]
2022-06-01 07:19:32.763  INFO 66668 --- [main] c.xxl.job.core.executor.XxlJobExecutor   : >>>>>>>>>>> xxl-job register jobhandler success, name:minuterEmotionJobHandler, jobHandler:com.xxl.job.core.handler.impl.MethodJobHandler@10d5e2dc[class com.coatardbul.stock.task.MinuterEmotionXxlJob#minuterEmotionJobHandler]
2022-06-01 07:19:32.764  INFO 66668 --- [main] c.xxl.job.core.executor.XxlJobExecutor   : >>>>>>>>>>> xxl-job register jobhandler success, name:buildLastUpLimitInfoJobHandler, jobHandler:com.xxl.job.core.handler.impl.MethodJobHandler@266e0341[class com.coatardbul.stock.task.MinuterEmotionXxlJob#buildLastUpLimitInfoJobHandler]
2022-06-01 07:19:32.764  INFO 66668 --- [main] c.xxl.job.core.executor.XxlJobExecutor   : >>>>>>>>>>> xxl-job register jobhandler success, name:proxyIpJobHandler, jobHandler:com.xxl.job.core.handler.impl.MethodJobHandler@5398fac2[class com.coatardbul.stock.task.ProxyIpXxlJob#proxyIpJobHandler]
2022-06-01 07:19:32.764  INFO 66668 --- [main] c.xxl.job.core.executor.XxlJobExecutor   : >>>>>>>>>>> xxl-job register jobhandler success, name:demoJobHandler, jobHandler:com.xxl.job.core.handler.impl.MethodJobHandler@37884b27[class com.coatardbul.stock.task.SampleXxlJob#demoJobHandler]
2022-06-01 07:19:32.764  INFO 66668 --- [main] c.xxl.job.core.executor.XxlJobExecutor   : >>>>>>>>>>> xxl-job register jobhandler success, name:shardingJobHandler, jobHandler:com.xxl.job.core.handler.impl.MethodJobHandler@8749c08[class com.coatardbul.stock.task.SampleXxlJob#shardingJobHandler]
2022-06-01 07:19:32.765  INFO 66668 --- [main] c.xxl.job.core.executor.XxlJobExecutor   : >>>>>>>>>>> xxl-job register jobhandler success, name:commandJobHandler, jobHandler:com.xxl.job.core.handler.impl.MethodJobHandler@5e56f24c[class com.coatardbul.stock.task.SampleXxlJob#commandJobHandler]
2022-06-01 07:19:32.765  INFO 66668 --- [main] c.xxl.job.core.executor.XxlJobExecutor   : >>>>>>>>>>> xxl-job register jobhandler success, name:httpJobHandler, jobHandler:com.xxl.job.core.handler.impl.MethodJobHandler@4a8c4dae[class com.coatardbul.stock.task.SampleXxlJob#httpJobHandler]
2022-06-01 07:19:32.765  INFO 66668 --- [main] c.xxl.job.core.executor.XxlJobExecutor   : >>>>>>>>>>> xxl-job register jobhandler success, name:demoJobHandler2, jobHandler:com.xxl.job.core.handler.impl.MethodJobHandler@3fa8e6ab[class com.coatardbul.stock.task.SampleXxlJob#demoJobHandler2]
2022-06-01 07:19:32.765  INFO 66668 --- [main] c.xxl.job.core.executor.XxlJobExecutor   : >>>>>>>>>>> xxl-job register jobhandler success, name:strategyNowWatchJobHandler, jobHandler:com.xxl.job.core.handler.impl.MethodJobHandler@1310b98a[class com.coatardbul.stock.task.StrategyWatchJob#strategyWatchJobHandler]
2022-06-01 07:19:32.765  INFO 66668 --- [main] c.xxl.job.core.executor.XxlJobExecutor   : >>>>>>>>>>> xxl-job register jobhandler success, name:historyStrategyWatchJobHandler, jobHandler:com.xxl.job.core.handler.impl.MethodJobHandler@7abdfd36[class com.coatardbul.stock.task.StrategyWatchJob#historyStrategyWatchJobHandler]
2022-06-01 07:19:32.765  INFO 66668 --- [main] c.xxl.job.core.executor.XxlJobExecutor   : >>>>>>>>>>> xxl-job register jobhandler success, name:emailStrategyWatchJobHandler, jobHandler:com.xxl.job.core.handler.impl.MethodJobHandler@52743ef2[class com.coatardbul.stock.task.StrategyWatchJob#emailStrategyWatchJobHandler]
2022-06-01 07:19:32.870  WARN 66668 --- [main] c.xxl.job.core.executor.XxlJobExecutor   : >>>>>>>>>>> xxl-job accessToken is empty. To ensure system security, please set the accessToken.
2022-06-01 07:19:33.282  INFO 66668 --- [Thread-52] com.xxl.job.core.server.EmbedServer      : >>>>>>>>>>> xxl-job remoting server start success, nettype = class com.xxl.job.core.server.EmbedServer, port = 8888
2022-06-01 07:19:33.317  INFO 66668 --- [main] o.s.c.n.eureka.InstanceInfoFactory       : Setting initial instance status as: STARTING
2022-06-01 07:19:33.364  INFO 66668 --- [main] com.netflix.discovery.DiscoveryClient    : Initializing Eureka in region us-east-1
2022-06-01 07:19:33.447  INFO 66668 --- [main] c.n.d.provider.DiscoveryJerseyProvider   : Using JSON encoding codec LegacyJacksonJson
2022-06-01 07:19:33.447  INFO 66668 --- [main] c.n.d.provider.DiscoveryJerseyProvider   : Using JSON decoding codec LegacyJacksonJson
2022-06-01 07:19:33.618  INFO 66668 --- [main] c.n.d.provider.DiscoveryJerseyProvider   : Using XML encoding codec XStreamXml
2022-06-01 07:19:33.618  INFO 66668 --- [main] c.n.d.provider.DiscoveryJerseyProvider   : Using XML decoding codec XStreamXml
2022-06-01 07:19:33.980  INFO 66668 --- [main] c.n.d.s.r.aws.ConfigClusterResolver      : Resolving eureka endpoints via configuration
2022-06-01 07:19:34.011  INFO 66668 --- [main] com.netflix.discovery.DiscoveryClient    : Disable delta property : false
2022-06-01 07:19:34.011  INFO 66668 --- [main] com.netflix.discovery.DiscoveryClient    : Single vip registry refresh property : null
2022-06-01 07:19:34.011  INFO 66668 --- [main] com.netflix.discovery.DiscoveryClient    : Force full registry fetch : false
2022-06-01 07:19:34.011  INFO 66668 --- [main] com.netflix.discovery.DiscoveryClient    : Application is null : false
2022-06-01 07:19:34.011  INFO 66668 --- [main] com.netflix.discovery.DiscoveryClient    : Registered Applications size is zero : true
2022-06-01 07:19:34.011  INFO 66668 --- [main] com.netflix.discovery.DiscoveryClient    : Application version is -1: true
2022-06-01 07:19:34.011  INFO 66668 --- [main] com.netflix.discovery.DiscoveryClient    : Getting all instance registry info from the eureka server
2022-06-01 07:19:34.483  INFO 66668 --- [main] com.netflix.discovery.DiscoveryClient    : The response status is 200
2022-06-01 07:19:34.488  INFO 66668 --- [main] com.netflix.discovery.DiscoveryClient    : Starting heartbeat executor: renew interval is: 30
2022-06-01 07:19:34.493  INFO 66668 --- [main] c.n.discovery.InstanceInfoReplicator     : InstanceInfoReplicator onDemand update allowed rate per min is 4
2022-06-01 07:19:34.500  INFO 66668 --- [main] com.netflix.discovery.DiscoveryClient    : Discovery Client initialized at timestamp 1654039174498 with initial instances count: 3
2022-06-01 07:19:34.510  INFO 66668 --- [main] o.s.c.n.e.s.EurekaServiceRegistry        : Registering application STOCK with eureka with status UP
2022-06-01 07:19:34.511  INFO 66668 --- [main] com.netflix.discovery.DiscoveryClient    : Saw local status change event StatusChangeEvent [timestamp=1654039174511, current=UP, previous=STARTING]
2022-06-01 07:19:34.514  INFO 66668 --- [DiscoveryClient-InstanceInfoReplicator-0] com.netflix.discovery.DiscoveryClient    : DiscoveryClient_STOCK/192.168.8.100:stock:9006: registering service...
2022-06-01 07:19:34.514  INFO 66668 --- [main] d.s.w.p.DocumentationPluginsBootstrapper : Context refreshed
2022-06-01 07:19:34.552  INFO 66668 --- [main] d.s.w.p.DocumentationPluginsBootstrapper : Found 1 custom documentation plugin(s)
2022-06-01 07:19:34.626  INFO 66668 --- [main] s.d.s.w.s.ApiListingReferenceScanner     : Scanning for api listing references
2022-06-01 07:19:34.641  INFO 66668 --- [DiscoveryClient-InstanceInfoReplicator-0] com.netflix.discovery.DiscoveryClient    : DiscoveryClient_STOCK/192.168.8.100:stock:9006 - registration status: 204
2022-06-01 07:19:34.870  INFO 66668 --- [main] .d.s.w.r.o.CachingOperationNameGenerator : Generating unique operation named: addUsingPOST_1
2022-06-01 07:19:34.901  INFO 66668 --- [main] .d.s.w.r.o.CachingOperationNameGenerator : Generating unique operation named: deleteUsingPOST_1
2022-06-01 07:19:34.907  INFO 66668 --- [main] .d.s.w.r.o.CachingOperationNameGenerator : Generating unique operation named: modifyUsingPOST_1
2022-06-01 07:19:34.918  INFO 66668 --- [main] .d.s.w.r.o.CachingOperationNameGenerator : Generating unique operation named: refreshDayUsingPOST_1
2022-06-01 07:19:34.920  INFO 66668 --- [main] .d.s.w.r.o.CachingOperationNameGenerator : Generating unique operation named: refreshDayRangeUsingPOST_1
2022-06-01 07:19:34.926  INFO 66668 --- [main] .d.s.w.r.o.CachingOperationNameGenerator : Generating unique operation named: addUsingPOST_2
2022-06-01 07:19:34.927  INFO 66668 --- [main] .d.s.w.r.o.CachingOperationNameGenerator : Generating unique operation named: deleteUsingPOST_2
2022-06-01 07:19:34.933  INFO 66668 --- [main] .d.s.w.r.o.CachingOperationNameGenerator : Generating unique operation named: findAllUsingPOST_1
2022-06-01 07:19:34.935  INFO 66668 --- [main] .d.s.w.r.o.CachingOperationNameGenerator : Generating unique operation named: modifyUsingPOST_2
2022-06-01 07:19:34.938  INFO 66668 --- [main] .d.s.w.r.o.CachingOperationNameGenerator : Generating unique operation named: addUsingPOST_3
2022-06-01 07:19:34.943  INFO 66668 --- [main] .d.s.w.r.o.CachingOperationNameGenerator : Generating unique operation named: deleteUsingPOST_3
2022-06-01 07:19:34.950  INFO 66668 --- [main] .d.s.w.r.o.CachingOperationNameGenerator : Generating unique operation named: findAllUsingPOST_2
2022-06-01 07:19:34.951  INFO 66668 --- [main] .d.s.w.r.o.CachingOperationNameGenerator : Generating unique operation named: modifyUsingPOST_3
2022-06-01 07:19:34.953  INFO 66668 --- [main] .d.s.w.r.o.CachingOperationNameGenerator : Generating unique operation named: deleteDayUsingPOST_1
2022-06-01 07:19:34.954  INFO 66668 --- [main] .d.s.w.r.o.CachingOperationNameGenerator : Generating unique operation named: forceRefreshDayRangeUsingPOST_1
2022-06-01 07:19:34.955  INFO 66668 --- [main] .d.s.w.r.o.CachingOperationNameGenerator : Generating unique operation named: getRangeStaticUsingPOST_1
2022-06-01 07:19:34.957  INFO 66668 --- [main] .d.s.w.r.o.CachingOperationNameGenerator : Generating unique operation named: refreshDayUsingPOST_2
2022-06-01 07:19:34.958  INFO 66668 --- [main] .d.s.w.r.o.CachingOperationNameGenerator : Generating unique operation named: refreshDayRangeUsingPOST_2
2022-06-01 07:19:34.967  INFO 66668 --- [main] .d.s.w.r.o.CachingOperationNameGenerator : Generating unique operation named: addUsingPOST_4
2022-06-01 07:19:34.969  INFO 66668 --- [main] .d.s.w.r.o.CachingOperationNameGenerator : Generating unique operation named: deleteUsingPOST_4
2022-06-01 07:19:34.974  INFO 66668 --- [main] .d.s.w.r.o.CachingOperationNameGenerator : Generating unique operation named: findAllUsingPOST_3
2022-06-01 07:19:34.975  INFO 66668 --- [main] .d.s.w.r.o.CachingOperationNameGenerator : Generating unique operation named: modifyUsingPOST_4
2022-06-01 07:19:34.979  INFO 66668 --- [main] .d.s.w.r.o.CachingOperationNameGenerator : Generating unique operation named: addUsingPOST_5
2022-06-01 07:19:34.980  INFO 66668 --- [main] .d.s.w.r.o.CachingOperationNameGenerator : Generating unique operation named: deleteUsingPOST_5
2022-06-01 07:19:34.985  INFO 66668 --- [main] .d.s.w.r.o.CachingOperationNameGenerator : Generating unique operation named: findAllUsingPOST_4
2022-06-01 07:19:34.987  INFO 66668 --- [main] .d.s.w.r.o.CachingOperationNameGenerator : Generating unique operation named: modifyUsingPOST_5
2022-06-01 07:19:34.995  INFO 66668 --- [main] .d.s.w.r.o.CachingOperationNameGenerator : Generating unique operation named: deleteDayUsingPOST_2
2022-06-01 07:19:34.998  INFO 66668 --- [main] .d.s.w.r.o.CachingOperationNameGenerator : Generating unique operation named: forceRefreshDayRangeUsingPOST_2
2022-06-01 07:19:35.000  INFO 66668 --- [main] .d.s.w.r.o.CachingOperationNameGenerator : Generating unique operation named: getRangeStaticUsingPOST_2
2022-06-01 07:19:35.002  INFO 66668 --- [main] .d.s.w.r.o.CachingOperationNameGenerator : Generating unique operation named: refreshDayUsingPOST_3
2022-06-01 07:19:35.003  INFO 66668 --- [main] .d.s.w.r.o.CachingOperationNameGenerator : Generating unique operation named: refreshDayRangeUsingPOST_3
2022-06-01 07:19:35.006  INFO 66668 --- [main] .d.s.w.r.o.CachingOperationNameGenerator : Generating unique operation named: deleteUsingPOST_6
2022-06-01 07:19:35.007  INFO 66668 --- [main] .d.s.w.r.o.CachingOperationNameGenerator : Generating unique operation named: executeUsingPOST_1
2022-06-01 07:19:35.008  INFO 66668 --- [main] .d.s.w.r.o.CachingOperationNameGenerator : Generating unique operation named: getAllUsingPOST_1
2022-06-01 07:19:35.014  INFO 66668 --- [main] .d.s.w.r.o.CachingOperationNameGenerator : Generating unique operation named: deleteUsingPOST_7
2022-06-01 07:19:35.018  INFO 66668 --- [main] .d.s.w.r.o.CachingOperationNameGenerator : Generating unique operation named: findAllUsingPOST_5
2022-06-01 07:19:35.022  INFO 66668 --- [main] .d.s.w.r.o.CachingOperationNameGenerator : Generating unique operation named: cosUploadUsingPOST_1
2022-06-01 07:19:35.041  INFO 66668 --- [main] o.s.s.quartz.SchedulerFactoryBean        : Starting Quartz Scheduler now
2022-06-01 07:19:35.042  INFO 66668 --- [main] org.quartz.core.QuartzScheduler          : Scheduler quartzScheduler_$_NON_CLUSTERED started.
2022-06-01 07:19:35.077  INFO 66668 --- [main] o.s.b.w.embedded.tomcat.TomcatWebServer  : Tomcat started on port(s): 9006 (http) with context path '/stock'
2022-06-01 07:19:35.078  INFO 66668 --- [main] .s.c.n.e.s.EurekaAutoServiceRegistration : Updating port to 9006
2022-06-01 07:19:35.081  INFO 66668 --- [main] com.coatardbul.stock.StockApplication    : Started StockApplication in 15.504 seconds (JVM running for 21.477)
2022-06-01 07:21:39.117  INFO 66668 --- [Thread-59] o.s.c.n.e.s.EurekaServiceRegistry        : Unregistering application STOCK with eureka with status DOWN
2022-06-01 07:21:39.117  WARN 66668 --- [Thread-59] com.netflix.discovery.DiscoveryClient    : Saw local status change event StatusChangeEvent [timestamp=1654039299117, current=DOWN, previous=UP]
2022-06-01 07:21:39.118  INFO 66668 --- [DiscoveryClient-InstanceInfoReplicator-0] com.netflix.discovery.DiscoveryClient    : DiscoveryClient_STOCK/192.168.8.100:stock:9006: registering service...
2022-06-01 07:21:39.124  INFO 66668 --- [Thread-59] org.quartz.core.QuartzScheduler          : Scheduler quartzScheduler_$_NON_CLUSTERED paused.
2022-06-01 07:21:39.135  INFO 66668 --- [Thread-59] o.s.s.quartz.SchedulerFactoryBean        : Shutting down Quartz Scheduler
2022-06-01 07:21:39.135  INFO 66668 --- [Thread-59] org.quartz.core.QuartzScheduler          : Scheduler quartzScheduler_$_NON_CLUSTERED shutting down.
2022-06-01 07:21:39.135  INFO 66668 --- [Thread-59] org.quartz.core.QuartzScheduler          : Scheduler quartzScheduler_$_NON_CLUSTERED paused.
2022-06-01 07:21:39.136  INFO 66668 --- [Thread-59] org.quartz.core.QuartzScheduler          : Scheduler quartzScheduler_$_NON_CLUSTERED shutdown complete.
2022-06-01 07:21:39.138  INFO 66668 --- [Thread-59] o.s.s.concurrent.ThreadPoolTaskExecutor  : Shutting down ExecutorService 'applicationTaskExecutor'
2022-06-01 07:21:39.144  INFO 66668 --- [Thread-52] com.xxl.job.core.server.EmbedServer      : >>>>>>>>>>> xxl-job remoting server stop.
2022-06-01 07:21:39.194  INFO 66668 --- [DiscoveryClient-InstanceInfoReplicator-0] com.netflix.discovery.DiscoveryClient    : DiscoveryClient_STOCK/192.168.8.100:stock:9006 - registration status: 204
2022-06-01 07:21:39.212  INFO 66668 --- [xxl-job, executor ExecutorRegistryThread] c.x.j.c.thread.ExecutorRegistryThread    : >>>>>>>>>>> xxl-job registry-remove success, registryParam:RegistryParam{registryGroup='EXECUTOR', registryKey='xxl-job-stock', registryValue='124.222.217.230'}, registryResult:ReturnT [code=200, msg=null, content=null]
2022-06-01 07:21:39.213  INFO 66668 --- [xxl-job, executor ExecutorRegistryThread] c.x.j.c.thread.ExecutorRegistryThread    : >>>>>>>>>>> xxl-job, executor registry thread destory.
2022-06-01 07:21:39.213  INFO 66668 --- [Thread-59] com.xxl.job.core.server.EmbedServer      : >>>>>>>>>>> xxl-job remoting server destroy success.
2022-06-01 07:21:39.213  INFO 66668 --- [xxl-job, executor JobLogFileCleanThread] c.x.j.core.thread.JobLogFileCleanThread  : >>>>>>>>>>> xxl-job, executor JobLogFileCleanThread thread destory.
2022-06-01 07:21:39.214  INFO 66668 --- [xxl-job, executor TriggerCallbackThread] c.x.j.core.thread.TriggerCallbackThread  : >>>>>>>>>>> xxl-job, executor callback thread destory.
2022-06-01 07:21:39.214  INFO 66668 --- [Thread-51] c.x.j.core.thread.TriggerCallbackThread  : >>>>>>>>>>> xxl-job, executor retry callback thread destory.
2022-06-01 07:21:39.255  INFO 66668 --- [Thread-59] com.alibaba.druid.pool.DruidDataSource   : {dataSource-1} closed
2022-06-01 07:21:39.261  INFO 66668 --- [Thread-59] com.netflix.discovery.DiscoveryClient    : Shutting down DiscoveryClient ...
2022-06-01 07:22:25.844  INFO 67503 --- [main] com.coatardbul.stock.StockApplication    : The following profiles are active: tx
2022-06-01 07:22:27.314  INFO 67503 --- [main] .s.d.r.c.RepositoryConfigurationDelegate : Multiple Spring Data modules found, entering strict repository configuration mode!
2022-06-01 07:22:27.318  INFO 67503 --- [main] .s.d.r.c.RepositoryConfigurationDelegate : Bootstrapping Spring Data repositories in DEFAULT mode.
2022-06-01 07:22:27.582  INFO 67503 --- [main] .s.d.r.c.RepositoryConfigurationDelegate : Finished Spring Data repository scanning in 36ms. Found 0 repository interfaces.
2022-06-01 07:22:28.080  INFO 67503 --- [main] o.s.cloud.context.scope.GenericScope     : BeanFactory id=b44735b6-a756-3107-a750-65d01e36f509
2022-06-01 07:22:28.269  INFO 67503 --- [main] trationDelegate$BeanPostProcessorChecker : Bean 'org.springframework.transaction.annotation.ProxyTransactionManagementConfiguration' of type [org.springframework.transaction.annotation.ProxyTransactionManagementConfiguration$$EnhancerBySpringCGLIB$$1] is not eligible for getting processed by all BeanPostProcessors (for example: not eligible for auto-proxying)
2022-06-01 07:22:28.479  INFO 67503 --- [main] trationDelegate$BeanPostProcessorChecker : Bean 'redisConfig' of type [com.coatardbul.stock.common.config.RedisConfig$$EnhancerBySpringCGLIB$$1] is not eligible for getting processed by all BeanPostProcessors (for example: not eligible for auto-proxying)
2022-06-01 07:22:28.564  INFO 67503 --- [main] trationDelegate$BeanPostProcessorChecker : Bean 'org.springframework.cloud.autoconfigure.ConfigurationPropertiesRebinderAutoConfiguration' of type [org.springframework.cloud.autoconfigure.ConfigurationPropertiesRebinderAutoConfiguration$$EnhancerBySpringCGLIB$$1] is not eligible for getting processed by all BeanPostProcessors (for example: not eligible for auto-proxying)
2022-06-01 07:22:29.318  INFO 67503 --- [main] o.s.b.w.embedded.tomcat.TomcatWebServer  : Tomcat initialized with port(s): 9006 (http)
2022-06-01 07:22:29.360  INFO 67503 --- [main] o.apache.catalina.core.StandardService   : Starting service [Tomcat]
2022-06-01 07:22:29.360  INFO 67503 --- [main] org.apache.catalina.core.StandardEngine  : Starting Servlet engine: [Apache Tomcat/9.0.21]
2022-06-01 07:22:29.588  INFO 67503 --- [main] o.a.c.c.C.[Tomcat].[localhost].[/stock]  : Initializing Spring embedded WebApplicationContext
2022-06-01 07:22:29.589 DEBUG 67503 --- [main] o.s.web.context.ContextLoader            : Published root WebApplicationContext as ServletContext attribute with name [org.springframework.web.context.WebApplicationContext.ROOT]
2022-06-01 07:22:29.589  INFO 67503 --- [main] o.s.web.context.ContextLoader            : Root WebApplicationContext: initialization completed in 3721 ms
2022-06-01 07:22:29.914  INFO 67503 --- [main] f.a.AutowiredAnnotationBeanPostProcessor : Autowired annotation should only be used on methods with parameters: public void com.coatardbul.stock.service.base.CosService.setClientConfig()
2022-06-01 07:22:30.094  INFO 67503 --- [main] f.a.AutowiredAnnotationBeanPostProcessor : Autowired annotation should only be used on methods with parameters: public void com.coatardbul.stock.service.statistic.ProxyIpService.setProxyIps()
2022-06-01 07:22:30.477  INFO 67503 --- [main] o.s.b.d.a.OptionalLiveReloadServer       : LiveReload server is running on port 35729
2022-06-01 07:22:30.861  INFO 67503 --- [main] c.a.d.s.b.a.DruidDataSourceAutoConfigure : Init DruidDataSource
2022-06-01 07:22:31.138  INFO 67503 --- [main] com.alibaba.druid.pool.DruidDataSource   : {dataSource-1} inited
2022-06-01 07:22:32.733  INFO 67503 --- [main] f.a.AutowiredAnnotationBeanPostProcessor : Autowired annotation should only be used on methods with parameters: public void com.coatardbul.stock.service.base.StockStrategyService.refreshCookie()
2022-06-01 07:22:33.590  INFO 67503 --- [main] f.a.AutowiredAnnotationBeanPostProcessor : Autowired annotation should only be used on methods with parameters: public void com.coatardbul.stock.controller.unuse.StockController.PostLoanController()
2022-06-01 07:22:34.078 DEBUG 67503 --- [main] s.w.s.m.m.a.RequestMappingHandlerMapping : 99 mappings in 'requestMappingHandlerMapping'
2022-06-01 07:22:34.226  INFO 67503 --- [main] pertySourcedRequestMappingHandlerMapping : Mapped URL path [/v2/api-docs] onto method [public org.springframework.http.ResponseEntity<springfox.documentation.spring.web.json.Json> springfox.documentation.swagger2.web.Swagger2Controller.getDocumentation(java.lang.String,javax.servlet.http.HttpServletRequest)]
2022-06-01 07:22:34.253  INFO 67503 --- [main] c.c.stock.common.config.XxlJobConfig     : >>>>>>>>>>> xxl-job config init.
2022-06-01 07:22:34.277  WARN 67503 --- [main] c.n.c.sources.URLConfigurationSource     : No URLs will be polled as dynamic configuration sources.
2022-06-01 07:22:34.277  INFO 67503 --- [main] c.n.c.sources.URLConfigurationSource     : To enable URLs as dynamic configuration sources, define System property archaius.configurationSource.additionalUrls or make config.properties available on classpath.
2022-06-01 07:22:34.284  WARN 67503 --- [main] c.n.c.sources.URLConfigurationSource     : No URLs will be polled as dynamic configuration sources.
2022-06-01 07:22:34.284  INFO 67503 --- [main] c.n.c.sources.URLConfigurationSource     : To enable URLs as dynamic configuration sources, define System property archaius.configurationSource.additionalUrls or make config.properties available on classpath.
2022-06-01 07:22:34.392 DEBUG 67503 --- [main] o.s.w.s.handler.SimpleUrlHandlerMapping  : Patterns [/**/favicon.ico] in 'faviconHandlerMapping'
2022-06-01 07:22:34.634  INFO 67503 --- [main] o.s.s.concurrent.ThreadPoolTaskExecutor  : Initializing ExecutorService 'applicationTaskExecutor'
2022-06-01 07:22:34.685 DEBUG 67503 --- [main] s.w.s.m.m.a.RequestMappingHandlerAdapter : ControllerAdvice beans: 0 @ModelAttribute, 0 @InitBinder, 1 RequestBodyAdvice, 1 ResponseBodyAdvice
2022-06-01 07:22:34.741 DEBUG 67503 --- [main] o.s.w.s.handler.SimpleUrlHandlerMapping  : Patterns [/webjars/**, /**] in 'resourceHandlerMapping'
2022-06-01 07:22:34.761 DEBUG 67503 --- [main] .m.m.a.ExceptionHandlerExceptionResolver : ControllerAdvice beans: 1 @ExceptionHandler, 1 ResponseBodyAdvice
2022-06-01 07:22:35.551  INFO 67503 --- [main] org.quartz.impl.StdSchedulerFactory      : Using default implementation for ThreadExecutor
2022-06-01 07:22:35.568  INFO 67503 --- [main] org.quartz.core.SchedulerSignalerImpl    : Initialized Scheduler Signaller of type: class org.quartz.core.SchedulerSignalerImpl
2022-06-01 07:22:35.568  INFO 67503 --- [main] org.quartz.core.QuartzScheduler          : Quartz Scheduler v.2.3.1 created.
2022-06-01 07:22:35.569  INFO 67503 --- [main] org.quartz.simpl.RAMJobStore             : RAMJobStore initialized.
2022-06-01 07:22:35.570  INFO 67503 --- [main] org.quartz.core.QuartzScheduler          : Scheduler meta-data: Quartz Scheduler (v2.3.1) 'quartzScheduler' with instanceId 'NON_CLUSTERED'
  Scheduler class: 'org.quartz.core.QuartzScheduler' - running locally.
  NOT STARTED.
  Currently in standby mode.
  Number of jobs executed: 0
  Using thread pool 'org.quartz.simpl.SimpleThreadPool' - with 10 threads.
  Using job-store 'org.quartz.simpl.RAMJobStore' - which does not support persistence. and is not clustered.

2022-06-01 07:22:35.570  INFO 67503 --- [main] org.quartz.impl.StdSchedulerFactory      : Quartz scheduler 'quartzScheduler' initialized from an externally provided properties instance.
2022-06-01 07:22:35.570  INFO 67503 --- [main] org.quartz.impl.StdSchedulerFactory      : Quartz scheduler version: 2.3.1
2022-06-01 07:22:35.570  INFO 67503 --- [main] org.quartz.core.QuartzScheduler          : JobFactory set to: org.springframework.scheduling.quartz.SpringBeanJobFactory@1cf44346
2022-06-01 07:22:35.966  INFO 67503 --- [main] c.xxl.job.core.executor.XxlJobExecutor   : >>>>>>>>>>> xxl-job register jobhandler success, name:dayUpDownJobHandler, jobHandler:com.xxl.job.core.handler.impl.MethodJobHandler@3d741969[class com.coatardbul.stock.task.DayStatisticJob#dayUpDownJobHandler]
2022-06-01 07:22:35.967  INFO 67503 --- [main] c.xxl.job.core.executor.XxlJobExecutor   : >>>>>>>>>>> xxl-job register jobhandler success, name:dayTwoUpLimitJobHandler, jobHandler:com.xxl.job.core.handler.impl.MethodJobHandler@17504749[class com.coatardbul.stock.task.DayStatisticJob#dayTwoUpLimitJobHandler]
2022-06-01 07:22:35.967  INFO 67503 --- [main] c.xxl.job.core.executor.XxlJobExecutor   : >>>>>>>>>>> xxl-job register jobhandler success, name:openStockOneJobHandler, jobHandler:com.xxl.job.core.handler.impl.MethodJobHandler@4a17b9f3[class com.coatardbul.stock.task.DayStatisticJob#openStockOneJobHandler]
2022-06-01 07:22:35.968  INFO 67503 --- [main] c.xxl.job.core.executor.XxlJobExecutor   : >>>>>>>>>>> xxl-job register jobhandler success, name:openStockTwoJobHandler, jobHandler:com.xxl.job.core.handler.impl.MethodJobHandler@767c69d4[class com.coatardbul.stock.task.DayStatisticJob#openStockTwoJobHandler]
2022-06-01 07:22:35.968  INFO 67503 --- [main] c.xxl.job.core.executor.XxlJobExecutor   : >>>>>>>>>>> xxl-job register jobhandler success, name:dayMarketValueUpLimitJobHandler, jobHandler:com.xxl.job.core.handler.impl.MethodJobHandler@6b5e9923[class com.coatardbul.stock.task.DayStatisticJob#dayMarketValueUpLimitJobHandler]
2022-06-01 07:22:35.968  INFO 67503 --- [main] c.xxl.job.core.executor.XxlJobExecutor   : >>>>>>>>>>> xxl-job register jobhandler success, name:dayTwoAboveUpLimitVolPriceJobHandler, jobHandler:com.xxl.job.core.handler.impl.MethodJobHandler@7e21f10e[class com.coatardbul.stock.task.DayStatisticJob#dayTwoAboveUpLimitVolPriceJobHandler]
2022-06-01 07:22:35.968  INFO 67503 --- [main] c.xxl.job.core.executor.XxlJobExecutor   : >>>>>>>>>>> xxl-job register jobhandler success, name:minuterEmotionJobHandler, jobHandler:com.xxl.job.core.handler.impl.MethodJobHandler@98e0718[class com.coatardbul.stock.task.MinuterEmotionXxlJob#minuterEmotionJobHandler]
2022-06-01 07:22:35.968  INFO 67503 --- [main] c.xxl.job.core.executor.XxlJobExecutor   : >>>>>>>>>>> xxl-job register jobhandler success, name:buildLastUpLimitInfoJobHandler, jobHandler:com.xxl.job.core.handler.impl.MethodJobHandler@1ca9fd34[class com.coatardbul.stock.task.MinuterEmotionXxlJob#buildLastUpLimitInfoJobHandler]
2022-06-01 07:22:35.969  INFO 67503 --- [main] c.xxl.job.core.executor.XxlJobExecutor   : >>>>>>>>>>> xxl-job register jobhandler success, name:proxyIpJobHandler, jobHandler:com.xxl.job.core.handler.impl.MethodJobHandler@3a1e803[class com.coatardbul.stock.task.ProxyIpXxlJob#proxyIpJobHandler]
2022-06-01 07:22:35.969  INFO 67503 --- [main] c.xxl.job.core.executor.XxlJobExecutor   : >>>>>>>>>>> xxl-job register jobhandler success, name:demoJobHandler, jobHandler:com.xxl.job.core.handler.impl.MethodJobHandler@7279d0f8[class com.coatardbul.stock.task.SampleXxlJob#demoJobHandler]
2022-06-01 07:22:35.969  INFO 67503 --- [main] c.xxl.job.core.executor.XxlJobExecutor   : >>>>>>>>>>> xxl-job register jobhandler success, name:shardingJobHandler, jobHandler:com.xxl.job.core.handler.impl.MethodJobHandler@bb6bf68[class com.coatardbul.stock.task.SampleXxlJob#shardingJobHandler]
2022-06-01 07:22:35.970  INFO 67503 --- [main] c.xxl.job.core.executor.XxlJobExecutor   : >>>>>>>>>>> xxl-job register jobhandler success, name:commandJobHandler, jobHandler:com.xxl.job.core.handler.impl.MethodJobHandler@58a5b377[class com.coatardbul.stock.task.SampleXxlJob#commandJobHandler]
2022-06-01 07:22:35.970  INFO 67503 --- [main] c.xxl.job.core.executor.XxlJobExecutor   : >>>>>>>>>>> xxl-job register jobhandler success, name:httpJobHandler, jobHandler:com.xxl.job.core.handler.impl.MethodJobHandler@54c8b990[class com.coatardbul.stock.task.SampleXxlJob#httpJobHandler]
2022-06-01 07:22:35.970  INFO 67503 --- [main] c.xxl.job.core.executor.XxlJobExecutor   : >>>>>>>>>>> xxl-job register jobhandler success, name:demoJobHandler2, jobHandler:com.xxl.job.core.handler.impl.MethodJobHandler@680a5de1[class com.coatardbul.stock.task.SampleXxlJob#demoJobHandler2]
2022-06-01 07:22:35.971  INFO 67503 --- [main] c.xxl.job.core.executor.XxlJobExecutor   : >>>>>>>>>>> xxl-job register jobhandler success, name:strategyNowWatchJobHandler, jobHandler:com.xxl.job.core.handler.impl.MethodJobHandler@5679e277[class com.coatardbul.stock.task.StrategyWatchJob#strategyWatchJobHandler]
2022-06-01 07:22:35.971  INFO 67503 --- [main] c.xxl.job.core.executor.XxlJobExecutor   : >>>>>>>>>>> xxl-job register jobhandler success, name:historyStrategyWatchJobHandler, jobHandler:com.xxl.job.core.handler.impl.MethodJobHandler@23b2ddc4[class com.coatardbul.stock.task.StrategyWatchJob#historyStrategyWatchJobHandler]
2022-06-01 07:22:35.971  INFO 67503 --- [main] c.xxl.job.core.executor.XxlJobExecutor   : >>>>>>>>>>> xxl-job register jobhandler success, name:emailStrategyWatchJobHandler, jobHandler:com.xxl.job.core.handler.impl.MethodJobHandler@32a7f41b[class com.coatardbul.stock.task.StrategyWatchJob#emailStrategyWatchJobHandler]
2022-06-01 07:22:36.076  WARN 67503 --- [main] c.xxl.job.core.executor.XxlJobExecutor   : >>>>>>>>>>> xxl-job accessToken is empty. To ensure system security, please set the accessToken.
2022-06-01 07:22:36.409  INFO 67503 --- [Thread-49] com.xxl.job.core.server.EmbedServer      : >>>>>>>>>>> xxl-job remoting server start success, nettype = class com.xxl.job.core.server.EmbedServer, port = 8888
2022-06-01 07:22:36.433  INFO 67503 --- [main] o.s.c.n.eureka.InstanceInfoFactory       : Setting initial instance status as: STARTING
2022-06-01 07:22:36.483  INFO 67503 --- [main] com.netflix.discovery.DiscoveryClient    : Initializing Eureka in region us-east-1
2022-06-01 07:22:36.569  INFO 67503 --- [main] c.n.d.provider.DiscoveryJerseyProvider   : Using JSON encoding codec LegacyJacksonJson
2022-06-01 07:22:36.569  INFO 67503 --- [main] c.n.d.provider.DiscoveryJerseyProvider   : Using JSON decoding codec LegacyJacksonJson
2022-06-01 07:22:36.742  INFO 67503 --- [main] c.n.d.provider.DiscoveryJerseyProvider   : Using XML encoding codec XStreamXml
2022-06-01 07:22:36.742  INFO 67503 --- [main] c.n.d.provider.DiscoveryJerseyProvider   : Using XML decoding codec XStreamXml
2022-06-01 07:22:37.111  INFO 67503 --- [main] c.n.d.s.r.aws.ConfigClusterResolver      : Resolving eureka endpoints via configuration
2022-06-01 07:22:37.138  INFO 67503 --- [main] com.netflix.discovery.DiscoveryClient    : Disable delta property : false
2022-06-01 07:22:37.138  INFO 67503 --- [main] com.netflix.discovery.DiscoveryClient    : Single vip registry refresh property : null
2022-06-01 07:22:37.138  INFO 67503 --- [main] com.netflix.discovery.DiscoveryClient    : Force full registry fetch : false
2022-06-01 07:22:37.138  INFO 67503 --- [main] com.netflix.discovery.DiscoveryClient    : Application is null : false
2022-06-01 07:22:37.138  INFO 67503 --- [main] com.netflix.discovery.DiscoveryClient    : Registered Applications size is zero : true
2022-06-01 07:22:37.138  INFO 67503 --- [main] com.netflix.discovery.DiscoveryClient    : Application version is -1: true
2022-06-01 07:22:37.138  INFO 67503 --- [main] com.netflix.discovery.DiscoveryClient    : Getting all instance registry info from the eureka server
2022-06-01 07:22:37.643  INFO 67503 --- [main] com.netflix.discovery.DiscoveryClient    : The response status is 200
2022-06-01 07:22:37.647  INFO 67503 --- [main] com.netflix.discovery.DiscoveryClient    : Starting heartbeat executor: renew interval is: 30
2022-06-01 07:22:37.650  INFO 67503 --- [main] c.n.discovery.InstanceInfoReplicator     : InstanceInfoReplicator onDemand update allowed rate per min is 4
2022-06-01 07:22:37.655  INFO 67503 --- [main] com.netflix.discovery.DiscoveryClient    : Discovery Client initialized at timestamp 1654039357654 with initial instances count: 4
2022-06-01 07:22:37.662  INFO 67503 --- [main] o.s.c.n.e.s.EurekaServiceRegistry        : Registering application STOCK with eureka with status UP
2022-06-01 07:22:37.663  INFO 67503 --- [main] com.netflix.discovery.DiscoveryClient    : Saw local status change event StatusChangeEvent [timestamp=1654039357663, current=UP, previous=STARTING]
2022-06-01 07:22:37.665  INFO 67503 --- [DiscoveryClient-InstanceInfoReplicator-0] com.netflix.discovery.DiscoveryClient    : DiscoveryClient_STOCK/192.168.8.100:stock:9006: registering service...
2022-06-01 07:22:37.666  INFO 67503 --- [main] d.s.w.p.DocumentationPluginsBootstrapper : Context refreshed
2022-06-01 07:22:37.698  INFO 67503 --- [main] d.s.w.p.DocumentationPluginsBootstrapper : Found 1 custom documentation plugin(s)
2022-06-01 07:22:37.758  INFO 67503 --- [main] s.d.s.w.s.ApiListingReferenceScanner     : Scanning for api listing references
2022-06-01 07:22:37.810  INFO 67503 --- [DiscoveryClient-InstanceInfoReplicator-0] com.netflix.discovery.DiscoveryClient    : DiscoveryClient_STOCK/192.168.8.100:stock:9006 - registration status: 204
2022-06-01 07:22:37.992  INFO 67503 --- [main] .d.s.w.r.o.CachingOperationNameGenerator : Generating unique operation named: addUsingPOST_1
2022-06-01 07:22:38.053  INFO 67503 --- [main] .d.s.w.r.o.CachingOperationNameGenerator : Generating unique operation named: deleteUsingPOST_1
2022-06-01 07:22:38.070  INFO 67503 --- [main] .d.s.w.r.o.CachingOperationNameGenerator : Generating unique operation named: modifyUsingPOST_1
2022-06-01 07:22:38.099  INFO 67503 --- [main] .d.s.w.r.o.CachingOperationNameGenerator : Generating unique operation named: refreshDayUsingPOST_1
2022-06-01 07:22:38.101  INFO 67503 --- [main] .d.s.w.r.o.CachingOperationNameGenerator : Generating unique operation named: refreshDayRangeUsingPOST_1
2022-06-01 07:22:38.110  INFO 67503 --- [main] .d.s.w.r.o.CachingOperationNameGenerator : Generating unique operation named: addUsingPOST_2
2022-06-01 07:22:38.112  INFO 67503 --- [main] .d.s.w.r.o.CachingOperationNameGenerator : Generating unique operation named: deleteUsingPOST_2
2022-06-01 07:22:38.120  INFO 67503 --- [main] .d.s.w.r.o.CachingOperationNameGenerator : Generating unique operation named: findAllUsingPOST_1
2022-06-01 07:22:38.122  INFO 67503 --- [main] .d.s.w.r.o.CachingOperationNameGenerator : Generating unique operation named: modifyUsingPOST_2
2022-06-01 07:22:38.127  INFO 67503 --- [main] .d.s.w.r.o.CachingOperationNameGenerator : Generating unique operation named: addUsingPOST_3
2022-06-01 07:22:38.135  INFO 67503 --- [main] .d.s.w.r.o.CachingOperationNameGenerator : Generating unique operation named: deleteUsingPOST_3
2022-06-01 07:22:38.142  INFO 67503 --- [main] .d.s.w.r.o.CachingOperationNameGenerator : Generating unique operation named: findAllUsingPOST_2
2022-06-01 07:22:38.144  INFO 67503 --- [main] .d.s.w.r.o.CachingOperationNameGenerator : Generating unique operation named: modifyUsingPOST_3
2022-06-01 07:22:38.146  INFO 67503 --- [main] .d.s.w.r.o.CachingOperationNameGenerator : Generating unique operation named: deleteDayUsingPOST_1
2022-06-01 07:22:38.148  INFO 67503 --- [main] .d.s.w.r.o.CachingOperationNameGenerator : Generating unique operation named: forceRefreshDayRangeUsingPOST_1
2022-06-01 07:22:38.150  INFO 67503 --- [main] .d.s.w.r.o.CachingOperationNameGenerator : Generating unique operation named: getRangeStaticUsingPOST_1
2022-06-01 07:22:38.152  INFO 67503 --- [main] .d.s.w.r.o.CachingOperationNameGenerator : Generating unique operation named: refreshDayUsingPOST_2
2022-06-01 07:22:38.153  INFO 67503 --- [main] .d.s.w.r.o.CachingOperationNameGenerator : Generating unique operation named: refreshDayRangeUsingPOST_2
2022-06-01 07:22:38.166  INFO 67503 --- [main] .d.s.w.r.o.CachingOperationNameGenerator : Generating unique operation named: addUsingPOST_4
2022-06-01 07:22:38.168  INFO 67503 --- [main] .d.s.w.r.o.CachingOperationNameGenerator : Generating unique operation named: deleteUsingPOST_4
2022-06-01 07:22:38.174  INFO 67503 --- [main] .d.s.w.r.o.CachingOperationNameGenerator : Generating unique operation named: findAllUsingPOST_3
2022-06-01 07:22:38.176  INFO 67503 --- [main] .d.s.w.r.o.CachingOperationNameGenerator : Generating unique operation named: modifyUsingPOST_4
2022-06-01 07:22:38.181  INFO 67503 --- [main] .d.s.w.r.o.CachingOperationNameGenerator : Generating unique operation named: addUsingPOST_5
2022-06-01 07:22:38.182  INFO 67503 --- [main] .d.s.w.r.o.CachingOperationNameGenerator : Generating unique operation named: deleteUsingPOST_5
2022-06-01 07:22:38.188  INFO 67503 --- [main] .d.s.w.r.o.CachingOperationNameGenerator : Generating unique operation named: findAllUsingPOST_4
2022-06-01 07:22:38.191  INFO 67503 --- [main] .d.s.w.r.o.CachingOperationNameGenerator : Generating unique operation named: modifyUsingPOST_5
2022-06-01 07:22:38.201  INFO 67503 --- [main] .d.s.w.r.o.CachingOperationNameGenerator : Generating unique operation named: deleteDayUsingPOST_2
2022-06-01 07:22:38.205  INFO 67503 --- [main] .d.s.w.r.o.CachingOperationNameGenerator : Generating unique operation named: forceRefreshDayRangeUsingPOST_2
2022-06-01 07:22:38.208  INFO 67503 --- [main] .d.s.w.r.o.CachingOperationNameGenerator : Generating unique operation named: getRangeStaticUsingPOST_2
2022-06-01 07:22:38.211  INFO 67503 --- [main] .d.s.w.r.o.CachingOperationNameGenerator : Generating unique operation named: refreshDayUsingPOST_3
2022-06-01 07:22:38.213  INFO 67503 --- [main] .d.s.w.r.o.CachingOperationNameGenerator : Generating unique operation named: refreshDayRangeUsingPOST_3
2022-06-01 07:22:38.216  INFO 67503 --- [main] .d.s.w.r.o.CachingOperationNameGenerator : Generating unique operation named: deleteUsingPOST_6
2022-06-01 07:22:38.218  INFO 67503 --- [main] .d.s.w.r.o.CachingOperationNameGenerator : Generating unique operation named: executeUsingPOST_1
2022-06-01 07:22:38.219  INFO 67503 --- [main] .d.s.w.r.o.CachingOperationNameGenerator : Generating unique operation named: getAllUsingPOST_1
2022-06-01 07:22:38.229  INFO 67503 --- [main] .d.s.w.r.o.CachingOperationNameGenerator : Generating unique operation named: deleteUsingPOST_7
2022-06-01 07:22:38.234  INFO 67503 --- [main] .d.s.w.r.o.CachingOperationNameGenerator : Generating unique operation named: findAllUsingPOST_5
2022-06-01 07:22:38.239  INFO 67503 --- [main] .d.s.w.r.o.CachingOperationNameGenerator : Generating unique operation named: cosUploadUsingPOST_1
2022-06-01 07:22:38.263  INFO 67503 --- [main] o.s.s.quartz.SchedulerFactoryBean        : Starting Quartz Scheduler now
2022-06-01 07:22:38.263  INFO 67503 --- [main] org.quartz.core.QuartzScheduler          : Scheduler quartzScheduler_$_NON_CLUSTERED started.
2022-06-01 07:22:38.305  INFO 67503 --- [main] o.s.b.w.embedded.tomcat.TomcatWebServer  : Tomcat started on port(s): 9006 (http) with context path '/stock'
2022-06-01 07:22:38.306  INFO 67503 --- [main] .s.c.n.e.s.EurekaAutoServiceRegistration : Updating port to 9006
2022-06-01 07:22:38.311  INFO 67503 --- [main] com.coatardbul.stock.StockApplication    : Started StockApplication in 14.223 seconds (JVM running for 20.314)
2022-06-01 07:23:26.985  INFO 67503 --- [http-nio-9006-exec-1] o.apache.tomcat.util.http.parser.Cookie  : A cookie header was received [1653660432,1653732945,1653897717; Hm_lpvt_e8002ef3d9e0d8274b5b74cc4a027d08=1654039338; SECKEY_ABVK=iggilEotaDGeVIvR1c37fKSAOlVbBlLDoyFO6lnGkiw%3D; BMAP_SECKEY=iggilEotaDGeVIvR1c37fJFBfs5CaAo7dzJmoyvFfLiQEeMSWzJUlUx-H6QBF4ILOOAQmF5RImp2ckWOS1ywR8tNDSs0O8UwAouhpWVxoR-KZJ2nvsizyorXoxzdhTlToau0DwzMnncP693BVuaRCqXf2a1sRf8n6U1XMs6Uhh3WE3mwtUifcdxWEKZ1ZA34] that contained an invalid cookie. That cookie will be ignored.
 Note: further occurrences of this error will be logged at DEBUG level.
2022-06-01 07:23:27.003  INFO 67503 --- [http-nio-9006-exec-1] o.a.c.c.C.[Tomcat].[localhost].[/stock]  : Initializing Spring DispatcherServlet 'dispatcherServlet'
2022-06-01 07:23:27.003  INFO 67503 --- [http-nio-9006-exec-1] o.s.web.servlet.DispatcherServlet        : Initializing Servlet 'dispatcherServlet'
2022-06-01 07:23:27.004 DEBUG 67503 --- [http-nio-9006-exec-1] o.s.web.servlet.DispatcherServlet        : Detected StandardServletMultipartResolver
2022-06-01 07:23:27.023 DEBUG 67503 --- [http-nio-9006-exec-1] o.s.web.servlet.DispatcherServlet        : enableLoggingRequestDetails='false': request parameters and headers will be masked to prevent unsafe logging of potentially sensitive data
2022-06-01 07:23:27.024  INFO 67503 --- [http-nio-9006-exec-1] o.s.web.servlet.DispatcherServlet        : Completed initialization in 21 ms
2022-06-01 07:23:27.045 DEBUG 67503 --- [http-nio-9006-exec-1] o.s.web.servlet.DispatcherServlet        : POST "/stock/stockPredict/getAll", parameters={}
2022-06-01 07:23:27.052 DEBUG 67503 --- [http-nio-9006-exec-1] s.w.s.m.m.a.RequestMappingHandlerMapping : Mapped to public com.coatardbul.stock.common.api.CommonResult com.coatardbul.stock.controller.StockTemplatedPredictController.getAll(com.coatardbul.stock.model.dto.StockPredictDto)
2022-06-01 07:23:27.092 DEBUG 67503 --- [http-nio-9006-exec-1] m.m.a.RequestResponseBodyMethodProcessor : Read "application/json;charset=UTF-8" to [StockPredictDto(id=1531498597017845760, buyTime=null, beginDate=2022-05-02, endDate=2022-06-01, hole (truncated)...]
2022-06-01 07:23:27.635 DEBUG 67503 --- [http-nio-9006-exec-1] o.s.w.c.HttpMessageConverterExtractor    : Reading to [com.coatardbul.stock.common.api.CommonResult<com.coatardbul.stock.model.feign.StockTemplateDto>]
2022-06-01 07:23:27.648 DEBUG 67503 --- [http-nio-9006-exec-1] m.m.a.RequestResponseBodyMethodProcessor : Using 'application/json', given [application/json, text/plain, */*] and supported [application/json, application/*+json, application/json, application/*+json]
2022-06-01 07:23:27.649 DEBUG 67503 --- [http-nio-9006-exec-1] m.m.a.RequestResponseBodyMethodProcessor : Writing [com.coatardbul.stock.common.api.CommonResult@61740b5f]
2022-06-01 07:23:27.672 DEBUG 67503 --- [http-nio-9006-exec-1] o.s.web.servlet.DispatcherServlet        : Completed 200 OK
2022-06-01 07:23:36.071 DEBUG 67503 --- [http-nio-9006-exec-2] o.s.web.servlet.DispatcherServlet        : POST "/stock/stockPredict/deleteById", parameters={}
2022-06-01 07:23:36.072 DEBUG 67503 --- [http-nio-9006-exec-2] s.w.s.m.m.a.RequestMappingHandlerMapping : Mapped to public com.coatardbul.stock.common.api.CommonResult com.coatardbul.stock.controller.StockTemplatedPredictController.deleteById(com.coatardbul.stock.model.dto.StockPredictDto)
2022-06-01 07:23:36.073 DEBUG 67503 --- [http-nio-9006-exec-2] m.m.a.RequestResponseBodyMethodProcessor : Read "application/json;charset=UTF-8" to [StockPredictDto(id=1531498597017845760, buyTime=null, beginDate=2022-05-02, endDate=2022-06-01, hole (truncated)...]
2022-06-01 07:23:36.197 DEBUG 67503 --- [http-nio-9006-exec-2] m.m.a.RequestResponseBodyMethodProcessor : Using 'application/json', given [application/json, text/plain, */*] and supported [application/json, application/*+json, application/json, application/*+json]
2022-06-01 07:23:36.197 DEBUG 67503 --- [http-nio-9006-exec-2] m.m.a.RequestResponseBodyMethodProcessor : Writing [com.coatardbul.stock.common.api.CommonResult@4a5c78a]
2022-06-01 07:23:36.198 DEBUG 67503 --- [http-nio-9006-exec-2] o.s.web.servlet.DispatcherServlet        : Completed 200 OK
2022-06-01 07:23:36.213 DEBUG 67503 --- [http-nio-9006-exec-3] o.s.web.servlet.DispatcherServlet        : POST "/stock/stockPredict/getAll", parameters={}
2022-06-01 07:23:36.214 DEBUG 67503 --- [http-nio-9006-exec-3] s.w.s.m.m.a.RequestMappingHandlerMapping : Mapped to public com.coatardbul.stock.common.api.CommonResult com.coatardbul.stock.controller.StockTemplatedPredictController.getAll(com.coatardbul.stock.model.dto.StockPredictDto)
2022-06-01 07:23:36.215 DEBUG 67503 --- [http-nio-9006-exec-3] m.m.a.RequestResponseBodyMethodProcessor : Read "application/json;charset=UTF-8" to [StockPredictDto(id=1531498597017845760, buyTime=null, beginDate=2022-05-02, endDate=2022-06-01, hole (truncated)...]
2022-06-01 07:23:36.596 DEBUG 67503 --- [http-nio-9006-exec-3] o.s.w.c.HttpMessageConverterExtractor    : Reading to [com.coatardbul.stock.common.api.CommonResult<com.coatardbul.stock.model.feign.StockTemplateDto>]
2022-06-01 07:23:36.598 DEBUG 67503 --- [http-nio-9006-exec-3] m.m.a.RequestResponseBodyMethodProcessor : Using 'application/json', given [application/json, text/plain, */*] and supported [application/json, application/*+json, application/json, application/*+json]
2022-06-01 07:23:36.598 DEBUG 67503 --- [http-nio-9006-exec-3] m.m.a.RequestResponseBodyMethodProcessor : Writing [com.coatardbul.stock.common.api.CommonResult@195bb9da]
2022-06-01 07:23:36.603 DEBUG 67503 --- [http-nio-9006-exec-3] o.s.web.servlet.DispatcherServlet        : Completed 200 OK
2022-06-01 07:23:38.047 DEBUG 67503 --- [http-nio-9006-exec-4] o.s.web.servlet.DispatcherServlet        : POST "/stock/stockPredict/getAll", parameters={}
2022-06-01 07:23:38.047 DEBUG 67503 --- [http-nio-9006-exec-4] s.w.s.m.m.a.RequestMappingHandlerMapping : Mapped to public com.coatardbul.stock.common.api.CommonResult com.coatardbul.stock.controller.StockTemplatedPredictController.getAll(com.coatardbul.stock.model.dto.StockPredictDto)
2022-06-01 07:23:38.049 DEBUG 67503 --- [http-nio-9006-exec-4] m.m.a.RequestResponseBodyMethodProcessor : Read "application/json;charset=UTF-8" to [StockPredictDto(id=1531498597017845760, buyTime=null, beginDate=2022-05-02, endDate=2022-06-01, hole (truncated)...]
2022-06-01 07:23:38.428 DEBUG 67503 --- [http-nio-9006-exec-4] o.s.w.c.HttpMessageConverterExtractor    : Reading to [com.coatardbul.stock.common.api.CommonResult<com.coatardbul.stock.model.feign.StockTemplateDto>]
2022-06-01 07:23:38.428 DEBUG 67503 --- [http-nio-9006-exec-4] m.m.a.RequestResponseBodyMethodProcessor : Using 'application/json', given [application/json, text/plain, */*] and supported [application/json, application/*+json, application/json, application/*+json]
2022-06-01 07:23:38.429 DEBUG 67503 --- [http-nio-9006-exec-4] m.m.a.RequestResponseBodyMethodProcessor : Writing [com.coatardbul.stock.common.api.CommonResult@3d2f1fd6]
2022-06-01 07:23:38.431 DEBUG 67503 --- [http-nio-9006-exec-4] o.s.web.servlet.DispatcherServlet        : Completed 200 OK
2022-06-01 07:23:46.405 DEBUG 67503 --- [http-nio-9006-exec-5] o.s.web.servlet.DispatcherServlet        : POST "/stock/stockPredict/deleteById", parameters={}
2022-06-01 07:23:46.406 DEBUG 67503 --- [http-nio-9006-exec-5] s.w.s.m.m.a.RequestMappingHandlerMapping : Mapped to public com.coatardbul.stock.common.api.CommonResult com.coatardbul.stock.controller.StockTemplatedPredictController.deleteById(com.coatardbul.stock.model.dto.StockPredictDto)
2022-06-01 07:23:46.408 DEBUG 67503 --- [http-nio-9006-exec-5] m.m.a.RequestResponseBodyMethodProcessor : Read "application/json;charset=UTF-8" to [StockPredictDto(id=1531498597017845760, buyTime=null, beginDate=2022-05-02, endDate=2022-06-01, hole (truncated)...]
2022-06-01 07:23:46.537 DEBUG 67503 --- [http-nio-9006-exec-5] m.m.a.RequestResponseBodyMethodProcessor : Using 'application/json', given [application/json, text/plain, */*] and supported [application/json, application/*+json, application/json, application/*+json]
2022-06-01 07:23:46.538 DEBUG 67503 --- [http-nio-9006-exec-5] m.m.a.RequestResponseBodyMethodProcessor : Writing [com.coatardbul.stock.common.api.CommonResult@78d0c9bd]
2022-06-01 07:23:46.539 DEBUG 67503 --- [http-nio-9006-exec-5] o.s.web.servlet.DispatcherServlet        : Completed 200 OK
2022-06-01 07:23:46.573 DEBUG 67503 --- [http-nio-9006-exec-6] o.s.web.servlet.DispatcherServlet        : POST "/stock/stockPredict/getAll", parameters={}
2022-06-01 07:23:46.574 DEBUG 67503 --- [http-nio-9006-exec-6] s.w.s.m.m.a.RequestMappingHandlerMapping : Mapped to public com.coatardbul.stock.common.api.CommonResult com.coatardbul.stock.controller.StockTemplatedPredictController.getAll(com.coatardbul.stock.model.dto.StockPredictDto)
2022-06-01 07:23:46.575 DEBUG 67503 --- [http-nio-9006-exec-6] m.m.a.RequestResponseBodyMethodProcessor : Read "application/json;charset=UTF-8" to [StockPredictDto(id=1531498597017845760, buyTime=null, beginDate=2022-05-02, endDate=2022-06-01, hole (truncated)...]
2022-06-01 07:23:46.977 DEBUG 67503 --- [http-nio-9006-exec-6] o.s.w.c.HttpMessageConverterExtractor    : Reading to [com.coatardbul.stock.common.api.CommonResult<com.coatardbul.stock.model.feign.StockTemplateDto>]
2022-06-01 07:23:46.978 DEBUG 67503 --- [http-nio-9006-exec-6] m.m.a.RequestResponseBodyMethodProcessor : Using 'application/json', given [application/json, text/plain, */*] and supported [application/json, application/*+json, application/json, application/*+json]
2022-06-01 07:23:46.978 DEBUG 67503 --- [http-nio-9006-exec-6] m.m.a.RequestResponseBodyMethodProcessor : Writing [com.coatardbul.stock.common.api.CommonResult@1e0e4c44]
2022-06-01 07:23:46.980 DEBUG 67503 --- [http-nio-9006-exec-6] o.s.web.servlet.DispatcherServlet        : Completed 200 OK
2022-06-01 07:24:42.180 DEBUG 67503 --- [http-nio-9006-exec-7] o.s.web.servlet.DispatcherServlet        : POST "/stock/stockPredict/getAll", parameters={}
2022-06-01 07:24:42.181 DEBUG 67503 --- [http-nio-9006-exec-7] s.w.s.m.m.a.RequestMappingHandlerMapping : Mapped to public com.coatardbul.stock.common.api.CommonResult com.coatardbul.stock.controller.StockTemplatedPredictController.getAll(com.coatardbul.stock.model.dto.StockPredictDto)
2022-06-01 07:24:42.182 DEBUG 67503 --- [http-nio-9006-exec-7] m.m.a.RequestResponseBodyMethodProcessor : Read "application/json;charset=UTF-8" to [StockPredictDto(id=, buyTime=null, beginDate=2022-05-02, endDate=2022-06-01, holeDay=null, saleTime= (truncated)...]
2022-06-01 07:24:42.955 DEBUG 67503 --- [http-nio-9006-exec-7] o.s.w.c.HttpMessageConverterExtractor    : Reading to [com.coatardbul.stock.common.api.CommonResult<com.coatardbul.stock.model.feign.StockTemplateDto>]
2022-06-01 07:24:43.055 DEBUG 67503 --- [http-nio-9006-exec-7] o.s.w.c.HttpMessageConverterExtractor    : Reading to [com.coatardbul.stock.common.api.CommonResult<com.coatardbul.stock.model.feign.StockTemplateDto>]
2022-06-01 07:24:43.147 DEBUG 67503 --- [http-nio-9006-exec-7] o.s.w.c.HttpMessageConverterExtractor    : Reading to [com.coatardbul.stock.common.api.CommonResult<com.coatardbul.stock.model.feign.StockTemplateDto>]
2022-06-01 07:24:43.250 DEBUG 67503 --- [http-nio-9006-exec-7] o.s.w.c.HttpMessageConverterExtractor    : Reading to [com.coatardbul.stock.common.api.CommonResult<com.coatardbul.stock.model.feign.StockTemplateDto>]
2022-06-01 07:24:43.252 DEBUG 67503 --- [http-nio-9006-exec-7] m.m.a.RequestResponseBodyMethodProcessor : Using 'application/json', given [application/json, text/plain, */*] and supported [application/json, application/*+json, application/json, application/*+json]
2022-06-01 07:24:43.252 DEBUG 67503 --- [http-nio-9006-exec-7] m.m.a.RequestResponseBodyMethodProcessor : Writing [com.coatardbul.stock.common.api.CommonResult@1997821d]
2022-06-01 07:24:43.265 DEBUG 67503 --- [http-nio-9006-exec-7] o.s.web.servlet.DispatcherServlet        : Completed 200 OK
2022-06-01 07:24:59.350 DEBUG 67503 --- [http-nio-9006-exec-8] o.s.web.servlet.DispatcherServlet        : POST "/stock/stockPredict/getAll", parameters={}
2022-06-01 07:24:59.351 DEBUG 67503 --- [http-nio-9006-exec-8] s.w.s.m.m.a.RequestMappingHandlerMapping : Mapped to public com.coatardbul.stock.common.api.CommonResult com.coatardbul.stock.controller.StockTemplatedPredictController.getAll(com.coatardbul.stock.model.dto.StockPredictDto)
2022-06-01 07:24:59.353 DEBUG 67503 --- [http-nio-9006-exec-8] m.m.a.RequestResponseBodyMethodProcessor : Read "application/json;charset=UTF-8" to [StockPredictDto(id=1531498597017845760, buyTime=null, beginDate=2022-05-02, endDate=2022-06-01, hole (truncated)...]
2022-06-01 07:24:59.728 DEBUG 67503 --- [http-nio-9006-exec-8] o.s.w.c.HttpMessageConverterExtractor    : Reading to [com.coatardbul.stock.common.api.CommonResult<com.coatardbul.stock.model.feign.StockTemplateDto>]
2022-06-01 07:24:59.730 DEBUG 67503 --- [http-nio-9006-exec-8] m.m.a.RequestResponseBodyMethodProcessor : Using 'application/json', given [application/json, text/plain, */*] and supported [application/json, application/*+json, application/json, application/*+json]
2022-06-01 07:24:59.730 DEBUG 67503 --- [http-nio-9006-exec-8] m.m.a.RequestResponseBodyMethodProcessor : Writing [com.coatardbul.stock.common.api.CommonResult@7c8c2a0e]
2022-06-01 07:24:59.733 DEBUG 67503 --- [http-nio-9006-exec-8] o.s.web.servlet.DispatcherServlet        : Completed 200 OK
2022-06-01 07:25:07.260 DEBUG 67503 --- [http-nio-9006-exec-9] o.s.web.servlet.DispatcherServlet        : POST "/stock/stockPredict/deleteByQuery", parameters={}
2022-06-01 07:25:07.261 DEBUG 67503 --- [http-nio-9006-exec-9] s.w.s.m.m.a.RequestMappingHandlerMapping : Mapped to public com.coatardbul.stock.common.api.CommonResult com.coatardbul.stock.controller.StockTemplatedPredictController.deleteByQuery(com.coatardbul.stock.model.dto.StockPredictDto)
2022-06-01 07:25:07.262 DEBUG 67503 --- [http-nio-9006-exec-9] m.m.a.RequestResponseBodyMethodProcessor : Read "application/json;charset=UTF-8" to [StockPredictDto(id=1531498597017845760, buyTime=null, beginDate=2022-05-02, endDate=2022-06-01, hole (truncated)...]
2022-06-01 07:25:07.396 DEBUG 67503 --- [http-nio-9006-exec-9] m.m.a.RequestResponseBodyMethodProcessor : Using 'application/json', given [application/json, text/plain, */*] and supported [application/json, application/*+json, application/json, application/*+json]
2022-06-01 07:25:07.396 DEBUG 67503 --- [http-nio-9006-exec-9] m.m.a.RequestResponseBodyMethodProcessor : Writing [com.coatardbul.stock.common.api.CommonResult@2f6709dd]
2022-06-01 07:25:07.397 DEBUG 67503 --- [http-nio-9006-exec-9] o.s.web.servlet.DispatcherServlet        : Completed 200 OK
2022-06-01 07:25:07.411 DEBUG 67503 --- [http-nio-9006-exec-10] o.s.web.servlet.DispatcherServlet        : POST "/stock/stockPredict/getAll", parameters={}
2022-06-01 07:25:07.411 DEBUG 67503 --- [http-nio-9006-exec-10] s.w.s.m.m.a.RequestMappingHandlerMapping : Mapped to public com.coatardbul.stock.common.api.CommonResult com.coatardbul.stock.controller.StockTemplatedPredictController.getAll(com.coatardbul.stock.model.dto.StockPredictDto)
2022-06-01 07:25:07.412 DEBUG 67503 --- [http-nio-9006-exec-10] m.m.a.RequestResponseBodyMethodProcessor : Read "application/json;charset=UTF-8" to [StockPredictDto(id=1531498597017845760, buyTime=null, beginDate=2022-05-02, endDate=2022-06-01, hole (truncated)...]
2022-06-01 07:25:07.746 DEBUG 67503 --- [http-nio-9006-exec-10] o.s.w.c.HttpMessageConverterExtractor    : Reading to [com.coatardbul.stock.common.api.CommonResult<com.coatardbul.stock.model.feign.StockTemplateDto>]
2022-06-01 07:25:07.747 DEBUG 67503 --- [http-nio-9006-exec-10] m.m.a.RequestResponseBodyMethodProcessor : Using 'application/json', given [application/json, text/plain, */*] and supported [application/json, application/*+json, application/json, application/*+json]
2022-06-01 07:25:07.747 DEBUG 67503 --- [http-nio-9006-exec-10] m.m.a.RequestResponseBodyMethodProcessor : Writing [com.coatardbul.stock.common.api.CommonResult@421dbe01]
2022-06-01 07:25:07.748 DEBUG 67503 --- [http-nio-9006-exec-10] o.s.web.servlet.DispatcherServlet        : Completed 200 OK
2022-06-01 07:25:16.848 DEBUG 67503 --- [http-nio-9006-exec-1] o.s.web.servlet.DispatcherServlet        : POST "/stock/stockPredict/getAll", parameters={}
2022-06-01 07:25:16.848 DEBUG 67503 --- [http-nio-9006-exec-1] s.w.s.m.m.a.RequestMappingHandlerMapping : Mapped to public com.coatardbul.stock.common.api.CommonResult com.coatardbul.stock.controller.StockTemplatedPredictController.getAll(com.coatardbul.stock.model.dto.StockPredictDto)
2022-06-01 07:25:16.849 DEBUG 67503 --- [http-nio-9006-exec-1] m.m.a.RequestResponseBodyMethodProcessor : Read "application/json;charset=UTF-8" to [StockPredictDto(id=1531498597017845760, buyTime=null, beginDate=2022-05-02, endDate=2022-06-01, hole (truncated)...]
2022-06-01 07:25:17.249 DEBUG 67503 --- [http-nio-9006-exec-1] o.s.w.c.HttpMessageConverterExtractor    : Reading to [com.coatardbul.stock.common.api.CommonResult<com.coatardbul.stock.model.feign.StockTemplateDto>]
2022-06-01 07:25:17.252 DEBUG 67503 --- [http-nio-9006-exec-1] m.m.a.RequestResponseBodyMethodProcessor : Using 'application/json', given [application/json, text/plain, */*] and supported [application/json, application/*+json, application/json, application/*+json]
2022-06-01 07:25:17.252 DEBUG 67503 --- [http-nio-9006-exec-1] m.m.a.RequestResponseBodyMethodProcessor : Writing [com.coatardbul.stock.common.api.CommonResult@3d9a7e73]
2022-06-01 07:25:17.254 DEBUG 67503 --- [http-nio-9006-exec-1] o.s.web.servlet.DispatcherServlet        : Completed 200 OK
2022-06-01 07:25:44.312 DEBUG 67503 --- [http-nio-9006-exec-2] o.s.web.servlet.DispatcherServlet        : POST "/stock/stockPredict/deleteByQuery", parameters={}
2022-06-01 07:25:44.313 DEBUG 67503 --- [http-nio-9006-exec-2] s.w.s.m.m.a.RequestMappingHandlerMapping : Mapped to public com.coatardbul.stock.common.api.CommonResult com.coatardbul.stock.controller.StockTemplatedPredictController.deleteByQuery(com.coatardbul.stock.model.dto.StockPredictDto)
2022-06-01 07:25:44.314 DEBUG 67503 --- [http-nio-9006-exec-2] m.m.a.RequestResponseBodyMethodProcessor : Read "application/json;charset=UTF-8" to [StockPredictDto(id=1531498597017845760, buyTime=null, beginDate=2022-05-02, endDate=2022-06-01, hole (truncated)...]
2022-06-01 07:25:44.439 DEBUG 67503 --- [http-nio-9006-exec-2] m.m.a.RequestResponseBodyMethodProcessor : Using 'application/json', given [application/json, text/plain, */*] and supported [application/json, application/*+json, application/json, application/*+json]
2022-06-01 07:25:44.439 DEBUG 67503 --- [http-nio-9006-exec-2] m.m.a.RequestResponseBodyMethodProcessor : Writing [com.coatardbul.stock.common.api.CommonResult@703e10f3]
2022-06-01 07:25:44.440 DEBUG 67503 --- [http-nio-9006-exec-2] o.s.web.servlet.DispatcherServlet        : Completed 200 OK
2022-06-01 07:25:44.454 DEBUG 67503 --- [http-nio-9006-exec-3] o.s.web.servlet.DispatcherServlet        : POST "/stock/stockPredict/getAll", parameters={}
2022-06-01 07:25:44.454 DEBUG 67503 --- [http-nio-9006-exec-3] s.w.s.m.m.a.RequestMappingHandlerMapping : Mapped to public com.coatardbul.stock.common.api.CommonResult com.coatardbul.stock.controller.StockTemplatedPredictController.getAll(com.coatardbul.stock.model.dto.StockPredictDto)
2022-06-01 07:25:44.455 DEBUG 67503 --- [http-nio-9006-exec-3] m.m.a.RequestResponseBodyMethodProcessor : Read "application/json;charset=UTF-8" to [StockPredictDto(id=1531498597017845760, buyTime=null, beginDate=2022-05-02, endDate=2022-06-01, hole (truncated)...]
2022-06-01 07:25:44.839 DEBUG 67503 --- [http-nio-9006-exec-3] o.s.w.c.HttpMessageConverterExtractor    : Reading to [com.coatardbul.stock.common.api.CommonResult<com.coatardbul.stock.model.feign.StockTemplateDto>]
2022-06-01 07:25:44.840 DEBUG 67503 --- [http-nio-9006-exec-3] m.m.a.RequestResponseBodyMethodProcessor : Using 'application/json', given [application/json, text/plain, */*] and supported [application/json, application/*+json, application/json, application/*+json]
2022-06-01 07:25:44.840 DEBUG 67503 --- [http-nio-9006-exec-3] m.m.a.RequestResponseBodyMethodProcessor : Writing [com.coatardbul.stock.common.api.CommonResult@1b172ae3]
2022-06-01 07:25:44.842 DEBUG 67503 --- [http-nio-9006-exec-3] o.s.web.servlet.DispatcherServlet        : Completed 200 OK
2022-06-01 07:26:47.158 DEBUG 67503 --- [http-nio-9006-exec-4] o.s.web.servlet.DispatcherServlet        : POST "/stock/stockPredict/deleteByQuery", parameters={}
2022-06-01 07:26:47.159 DEBUG 67503 --- [http-nio-9006-exec-4] s.w.s.m.m.a.RequestMappingHandlerMapping : Mapped to public com.coatardbul.stock.common.api.CommonResult com.coatardbul.stock.controller.StockTemplatedPredictController.deleteByQuery(com.coatardbul.stock.model.dto.StockPredictDto)
2022-06-01 07:26:47.160 DEBUG 67503 --- [http-nio-9006-exec-4] m.m.a.RequestResponseBodyMethodProcessor : Read "application/json;charset=UTF-8" to [StockPredictDto(id=1531498597017845760, buyTime=null, beginDate=2022-05-02, endDate=2022-06-01, hole (truncated)...]
2022-06-01 07:26:47.331 DEBUG 67503 --- [http-nio-9006-exec-4] m.m.a.RequestResponseBodyMethodProcessor : Using 'application/json', given [application/json, text/plain, */*] and supported [application/json, application/*+json, application/json, application/*+json]
2022-06-01 07:26:47.331 DEBUG 67503 --- [http-nio-9006-exec-4] m.m.a.RequestResponseBodyMethodProcessor : Writing [com.coatardbul.stock.common.api.CommonResult@74d91666]
2022-06-01 07:26:47.331 DEBUG 67503 --- [http-nio-9006-exec-4] o.s.web.servlet.DispatcherServlet        : Completed 200 OK
2022-06-01 07:26:47.346 DEBUG 67503 --- [http-nio-9006-exec-5] o.s.web.servlet.DispatcherServlet        : POST "/stock/stockPredict/getAll", parameters={}
2022-06-01 07:26:47.346 DEBUG 67503 --- [http-nio-9006-exec-5] s.w.s.m.m.a.RequestMappingHandlerMapping : Mapped to public com.coatardbul.stock.common.api.CommonResult com.coatardbul.stock.controller.StockTemplatedPredictController.getAll(com.coatardbul.stock.model.dto.StockPredictDto)
2022-06-01 07:26:47.347 DEBUG 67503 --- [http-nio-9006-exec-5] m.m.a.RequestResponseBodyMethodProcessor : Read "application/json;charset=UTF-8" to [StockPredictDto(id=1531498597017845760, buyTime=null, beginDate=2022-05-02, endDate=2022-06-01, hole (truncated)...]
2022-06-01 07:26:47.689 DEBUG 67503 --- [http-nio-9006-exec-5] o.s.w.c.HttpMessageConverterExtractor    : Reading to [com.coatardbul.stock.common.api.CommonResult<com.coatardbul.stock.model.feign.StockTemplateDto>]
2022-06-01 07:26:47.691 DEBUG 67503 --- [http-nio-9006-exec-5] m.m.a.RequestResponseBodyMethodProcessor : Using 'application/json', given [application/json, text/plain, */*] and supported [application/json, application/*+json, application/json, application/*+json]
2022-06-01 07:26:47.691 DEBUG 67503 --- [http-nio-9006-exec-5] m.m.a.RequestResponseBodyMethodProcessor : Writing [com.coatardbul.stock.common.api.CommonResult@55124546]
2022-06-01 07:26:47.693 DEBUG 67503 --- [http-nio-9006-exec-5] o.s.web.servlet.DispatcherServlet        : Completed 200 OK
2022-06-01 07:26:49.498 DEBUG 67503 --- [http-nio-9006-exec-6] o.s.web.servlet.DispatcherServlet        : POST "/stock/stockPredict/getAll", parameters={}
2022-06-01 07:26:49.499 DEBUG 67503 --- [http-nio-9006-exec-6] s.w.s.m.m.a.RequestMappingHandlerMapping : Mapped to public com.coatardbul.stock.common.api.CommonResult com.coatardbul.stock.controller.StockTemplatedPredictController.getAll(com.coatardbul.stock.model.dto.StockPredictDto)
2022-06-01 07:26:49.501 DEBUG 67503 --- [http-nio-9006-exec-6] m.m.a.RequestResponseBodyMethodProcessor : Read "application/json;charset=UTF-8" to [StockPredictDto(id=1531498597017845760, buyTime=null, beginDate=2022-05-02, endDate=2022-06-01, hole (truncated)...]
2022-06-01 07:26:49.820 DEBUG 67503 --- [http-nio-9006-exec-6] o.s.w.c.HttpMessageConverterExtractor    : Reading to [com.coatardbul.stock.common.api.CommonResult<com.coatardbul.stock.model.feign.StockTemplateDto>]
2022-06-01 07:26:49.821 DEBUG 67503 --- [http-nio-9006-exec-6] m.m.a.RequestResponseBodyMethodProcessor : Using 'application/json', given [application/json, text/plain, */*] and supported [application/json, application/*+json, application/json, application/*+json]
2022-06-01 07:26:49.822 DEBUG 67503 --- [http-nio-9006-exec-6] m.m.a.RequestResponseBodyMethodProcessor : Writing [com.coatardbul.stock.common.api.CommonResult@8f66d66]
2022-06-01 07:26:49.824 DEBUG 67503 --- [http-nio-9006-exec-6] o.s.web.servlet.DispatcherServlet        : Completed 200 OK
2022-06-01 07:27:37.152  INFO 67503 --- [AsyncResolver-bootstrap-executor-0] c.n.d.s.r.aws.ConfigClusterResolver      : Resolving eureka endpoints via configuration
2022-06-01 07:27:45.369 DEBUG 67503 --- [http-nio-9006-exec-7] o.s.web.servlet.DispatcherServlet        : POST "/stock/stockPredict/getAll", parameters={}
2022-06-01 07:27:45.369 DEBUG 67503 --- [http-nio-9006-exec-7] s.w.s.m.m.a.RequestMappingHandlerMapping : Mapped to public com.coatardbul.stock.common.api.CommonResult com.coatardbul.stock.controller.StockTemplatedPredictController.getAll(com.coatardbul.stock.model.dto.StockPredictDto)
2022-06-01 07:27:45.370 DEBUG 67503 --- [http-nio-9006-exec-7] m.m.a.RequestResponseBodyMethodProcessor : Read "application/json;charset=UTF-8" to [StockPredictDto(id=1531498597017845760, buyTime=null, beginDate=2022-01-01, endDate=2022-05-31, hole (truncated)...]
2022-06-01 07:27:45.993 DEBUG 67503 --- [http-nio-9006-exec-7] o.s.w.c.HttpMessageConverterExtractor    : Reading to [com.coatardbul.stock.common.api.CommonResult<com.coatardbul.stock.model.feign.StockTemplateDto>]
2022-06-01 07:27:45.994 DEBUG 67503 --- [http-nio-9006-exec-7] m.m.a.RequestResponseBodyMethodProcessor : Using 'application/json', given [application/json, text/plain, */*] and supported [application/json, application/*+json, application/json, application/*+json]
2022-06-01 07:27:45.994 DEBUG 67503 --- [http-nio-9006-exec-7] m.m.a.RequestResponseBodyMethodProcessor : Writing [com.coatardbul.stock.common.api.CommonResult@33a9d045]
2022-06-01 07:27:45.999 DEBUG 67503 --- [http-nio-9006-exec-7] o.s.web.servlet.DispatcherServlet        : Completed 200 OK
2022-06-01 07:27:52.213 DEBUG 67503 --- [http-nio-9006-exec-8] o.s.web.servlet.DispatcherServlet        : POST "/stock/stockPredict/deleteByQuery", parameters={}
2022-06-01 07:27:52.213 DEBUG 67503 --- [http-nio-9006-exec-8] s.w.s.m.m.a.RequestMappingHandlerMapping : Mapped to public com.coatardbul.stock.common.api.CommonResult com.coatardbul.stock.controller.StockTemplatedPredictController.deleteByQuery(com.coatardbul.stock.model.dto.StockPredictDto)
2022-06-01 07:27:52.214 DEBUG 67503 --- [http-nio-9006-exec-8] m.m.a.RequestResponseBodyMethodProcessor : Read "application/json;charset=UTF-8" to [StockPredictDto(id=1531498597017845760, buyTime=null, beginDate=2022-01-01, endDate=2022-05-31, hole (truncated)...]
2022-06-01 07:27:52.335 DEBUG 67503 --- [http-nio-9006-exec-8] m.m.a.RequestResponseBodyMethodProcessor : Using 'application/json', given [application/json, text/plain, */*] and supported [application/json, application/*+json, application/json, application/*+json]
2022-06-01 07:27:52.336 DEBUG 67503 --- [http-nio-9006-exec-8] m.m.a.RequestResponseBodyMethodProcessor : Writing [com.coatardbul.stock.common.api.CommonResult@121f2841]
2022-06-01 07:27:52.337 DEBUG 67503 --- [http-nio-9006-exec-8] o.s.web.servlet.DispatcherServlet        : Completed 200 OK
2022-06-01 07:27:52.376 DEBUG 67503 --- [http-nio-9006-exec-9] o.s.web.servlet.DispatcherServlet        : POST "/stock/stockPredict/getAll", parameters={}
2022-06-01 07:27:52.377 DEBUG 67503 --- [http-nio-9006-exec-9] s.w.s.m.m.a.RequestMappingHandlerMapping : Mapped to public com.coatardbul.stock.common.api.CommonResult com.coatardbul.stock.controller.StockTemplatedPredictController.getAll(com.coatardbul.stock.model.dto.StockPredictDto)
2022-06-01 07:27:52.378 DEBUG 67503 --- [http-nio-9006-exec-9] m.m.a.RequestResponseBodyMethodProcessor : Read "application/json;charset=UTF-8" to [StockPredictDto(id=1531498597017845760, buyTime=null, beginDate=2022-01-01, endDate=2022-05-31, hole (truncated)...]
2022-06-01 07:27:52.959 DEBUG 67503 --- [http-nio-9006-exec-9] o.s.w.c.HttpMessageConverterExtractor    : Reading to [com.coatardbul.stock.common.api.CommonResult<com.coatardbul.stock.model.feign.StockTemplateDto>]
2022-06-01 07:27:52.962 DEBUG 67503 --- [http-nio-9006-exec-9] m.m.a.RequestResponseBodyMethodProcessor : Using 'application/json', given [application/json, text/plain, */*] and supported [application/json, application/*+json, application/json, application/*+json]
2022-06-01 07:27:52.962 DEBUG 67503 --- [http-nio-9006-exec-9] m.m.a.RequestResponseBodyMethodProcessor : Writing [com.coatardbul.stock.common.api.CommonResult@480025b]
2022-06-01 07:27:52.967 DEBUG 67503 --- [http-nio-9006-exec-9] o.s.web.servlet.DispatcherServlet        : Completed 200 OK
2022-06-01 07:30:10.639  INFO 67503 --- [http-nio-9006-exec-10] .s.d.r.c.RepositoryConfigurationDelegate : Bootstrapping Spring Data repositories in DEFAULT mode.
2022-06-01 07:30:10.690  INFO 67503 --- [http-nio-9006-exec-10] .s.d.r.c.RepositoryConfigurationDelegate : Finished Spring Data repository scanning in 50ms. Found 0 repository interfaces.
2022-06-01 07:30:11.314 DEBUG 67503 --- [http-nio-9006-exec-10] o.s.web.servlet.DispatcherServlet        : Detected StandardServletMultipartResolver
2022-06-01 07:30:11.342 DEBUG 67503 --- [http-nio-9006-exec-10] o.s.web.servlet.DispatcherServlet        : POST "/stock/stockPredict/deleteByQuery", parameters={}
2022-06-01 07:30:11.346 DEBUG 67503 --- [http-nio-9006-exec-10] o.s.w.s.handler.SimpleUrlHandlerMapping  : Patterns [/**/favicon.ico] in 'faviconHandlerMapping'
2022-06-01 07:30:11.347 DEBUG 67503 --- [http-nio-9006-exec-10] s.w.s.m.m.a.RequestMappingHandlerMapping : Mapped to public com.coatardbul.stock.common.api.CommonResult com.coatardbul.stock.controller.StockTemplatedPredictController.deleteByQuery(com.coatardbul.stock.model.dto.StockPredictDto)
2022-06-01 07:30:11.351 DEBUG 67503 --- [http-nio-9006-exec-10] m.m.a.RequestResponseBodyMethodProcessor : Read "application/json;charset=UTF-8" to [StockPredictDto(id=1531498597017845760, buyTime=null, beginDate=2022-01-01, endDate=2022-05-31, hole (truncated)...]
2022-06-01 07:30:11.556 DEBUG 67503 --- [http-nio-9006-exec-10] m.m.a.RequestResponseBodyMethodProcessor : Using 'application/json', given [application/json, text/plain, */*] and supported [application/json, application/*+json, application/json, application/*+json]
2022-06-01 07:30:11.558 DEBUG 67503 --- [http-nio-9006-exec-10] m.m.a.RequestResponseBodyMethodProcessor : Writing [com.coatardbul.stock.common.api.CommonResult@6065c16c]
2022-06-01 07:30:11.560 DEBUG 67503 --- [http-nio-9006-exec-10] o.s.web.servlet.DispatcherServlet        : Completed 200 OK
2022-06-01 07:30:11.611 DEBUG 67503 --- [http-nio-9006-exec-1] o.s.web.servlet.DispatcherServlet        : POST "/stock/stockPredict/getAll", parameters={}
2022-06-01 07:30:11.612 DEBUG 67503 --- [http-nio-9006-exec-1] s.w.s.m.m.a.RequestMappingHandlerMapping : Mapped to public com.coatardbul.stock.common.api.CommonResult com.coatardbul.stock.controller.StockTemplatedPredictController.getAll(com.coatardbul.stock.model.dto.StockPredictDto)
2022-06-01 07:30:11.613 DEBUG 67503 --- [http-nio-9006-exec-1] m.m.a.RequestResponseBodyMethodProcessor : Read "application/json;charset=UTF-8" to [StockPredictDto(id=1531498597017845760, buyTime=null, beginDate=2022-01-01, endDate=2022-05-31, hole (truncated)...]
2022-06-01 07:30:11.689 DEBUG 67503 --- [http-nio-9006-exec-1] m.m.a.RequestResponseBodyMethodProcessor : Using 'application/json', given [application/json, text/plain, */*] and supported [application/json, application/*+json, application/json, application/*+json]
2022-06-01 07:30:11.690 DEBUG 67503 --- [http-nio-9006-exec-1] m.m.a.RequestResponseBodyMethodProcessor : Writing [com.coatardbul.stock.common.api.CommonResult@2e30d7b1]
2022-06-01 07:30:11.691 DEBUG 67503 --- [http-nio-9006-exec-1] o.s.web.servlet.DispatcherServlet        : Completed 200 OK
2022-06-01 07:32:37.164  INFO 67503 --- [AsyncResolver-bootstrap-executor-0] c.n.d.s.r.aws.ConfigClusterResolver      : Resolving eureka endpoints via configuration
2022-06-01 07:33:03.011 DEBUG 67503 --- [http-nio-9006-exec-2] o.s.web.servlet.DispatcherServlet        : POST "/stock/stockPredict/getAll", parameters={}
2022-06-01 07:33:03.013 DEBUG 67503 --- [http-nio-9006-exec-2] s.w.s.m.m.a.RequestMappingHandlerMapping : Mapped to public com.coatardbul.stock.common.api.CommonResult com.coatardbul.stock.controller.StockTemplatedPredictController.getAll(com.coatardbul.stock.model.dto.StockPredictDto)
2022-06-01 07:33:03.015 DEBUG 67503 --- [http-nio-9006-exec-2] m.m.a.RequestResponseBodyMethodProcessor : Read "application/json;charset=UTF-8" to [StockPredictDto(id=, buyTime=null, beginDate=2022-05-02, endDate=2022-06-01, holeDay=null, saleTime= (truncated)...]
2022-06-01 07:33:03.892 DEBUG 67503 --- [http-nio-9006-exec-2] o.s.w.c.HttpMessageConverterExtractor    : Reading to [com.coatardbul.stock.common.api.CommonResult<com.coatardbul.stock.model.feign.StockTemplateDto>]
2022-06-01 07:33:04.015 DEBUG 67503 --- [http-nio-9006-exec-2] o.s.w.c.HttpMessageConverterExtractor    : Reading to [com.coatardbul.stock.common.api.CommonResult<com.coatardbul.stock.model.feign.StockTemplateDto>]
2022-06-01 07:33:04.201 DEBUG 67503 --- [http-nio-9006-exec-2] o.s.w.c.HttpMessageConverterExtractor    : Reading to [com.coatardbul.stock.common.api.CommonResult<com.coatardbul.stock.model.feign.StockTemplateDto>]
2022-06-01 07:33:04.208 DEBUG 67503 --- [http-nio-9006-exec-2] m.m.a.RequestResponseBodyMethodProcessor : Using 'application/json', given [application/json, text/plain, */*] and supported [application/json, application/*+json, application/json, application/*+json]
2022-06-01 07:33:04.209 DEBUG 67503 --- [http-nio-9006-exec-2] m.m.a.RequestResponseBodyMethodProcessor : Writing [com.coatardbul.stock.common.api.CommonResult@38c5a944]
2022-06-01 07:33:04.244 DEBUG 67503 --- [http-nio-9006-exec-2] o.s.web.servlet.DispatcherServlet        : Completed 200 OK
2022-06-01 07:33:11.009 DEBUG 67503 --- [http-nio-9006-exec-3] o.s.web.servlet.DispatcherServlet        : POST "/stock/stockPredict/getAll", parameters={}
2022-06-01 07:33:11.010 DEBUG 67503 --- [http-nio-9006-exec-3] s.w.s.m.m.a.RequestMappingHandlerMapping : Mapped to public com.coatardbul.stock.common.api.CommonResult com.coatardbul.stock.controller.StockTemplatedPredictController.getAll(com.coatardbul.stock.model.dto.StockPredictDto)
2022-06-01 07:33:11.011 DEBUG 67503 --- [http-nio-9006-exec-3] m.m.a.RequestResponseBodyMethodProcessor : Read "application/json;charset=UTF-8" to [StockPredictDto(id=1526961477527928832, buyTime=null, beginDate=2022-05-02, endDate=2022-06-01, hole (truncated)...]
2022-06-01 07:33:11.146 DEBUG 67503 --- [http-nio-9006-exec-3] m.m.a.RequestResponseBodyMethodProcessor : Using 'application/json', given [application/json, text/plain, */*] and supported [application/json, application/*+json, application/json, application/*+json]
2022-06-01 07:33:11.146 DEBUG 67503 --- [http-nio-9006-exec-3] m.m.a.RequestResponseBodyMethodProcessor : Writing [com.coatardbul.stock.common.api.CommonResult@413c29f6]
2022-06-01 07:33:11.147 DEBUG 67503 --- [http-nio-9006-exec-3] o.s.web.servlet.DispatcherServlet        : Completed 200 OK
2022-06-01 07:33:23.760 DEBUG 67503 --- [http-nio-9006-exec-4] o.s.web.servlet.DispatcherServlet        : POST "/stock/stockPredict/getAll", parameters={}
2022-06-01 07:33:23.761 DEBUG 67503 --- [http-nio-9006-exec-4] s.w.s.m.m.a.RequestMappingHandlerMapping : Mapped to public com.coatardbul.stock.common.api.CommonResult com.coatardbul.stock.controller.StockTemplatedPredictController.getAll(com.coatardbul.stock.model.dto.StockPredictDto)
2022-06-01 07:33:23.762 DEBUG 67503 --- [http-nio-9006-exec-4] m.m.a.RequestResponseBodyMethodProcessor : Read "application/json;charset=UTF-8" to [StockPredictDto(id=1528711135640027136, buyTime=null, beginDate=2022-05-02, endDate=2022-06-01, hole (truncated)...]
2022-06-01 07:33:24.141 DEBUG 67503 --- [http-nio-9006-exec-4] o.s.w.c.HttpMessageConverterExtractor    : Reading to [com.coatardbul.stock.common.api.CommonResult<com.coatardbul.stock.model.feign.StockTemplateDto>]
2022-06-01 07:33:24.142 DEBUG 67503 --- [http-nio-9006-exec-4] m.m.a.RequestResponseBodyMethodProcessor : Using 'application/json', given [application/json, text/plain, */*] and supported [application/json, application/*+json, application/json, application/*+json]
2022-06-01 07:33:24.143 DEBUG 67503 --- [http-nio-9006-exec-4] m.m.a.RequestResponseBodyMethodProcessor : Writing [com.coatardbul.stock.common.api.CommonResult@c0e5b94]
2022-06-01 07:33:24.145 DEBUG 67503 --- [http-nio-9006-exec-4] o.s.web.servlet.DispatcherServlet        : Completed 200 OK
2022-06-01 07:33:26.901 DEBUG 67503 --- [http-nio-9006-exec-5] o.s.web.servlet.DispatcherServlet        : POST "/stock/stockPredict/deleteByQuery", parameters={}
2022-06-01 07:33:26.902 DEBUG 67503 --- [http-nio-9006-exec-5] s.w.s.m.m.a.RequestMappingHandlerMapping : Mapped to public com.coatardbul.stock.common.api.CommonResult com.coatardbul.stock.controller.StockTemplatedPredictController.deleteByQuery(com.coatardbul.stock.model.dto.StockPredictDto)
2022-06-01 07:33:26.903 DEBUG 67503 --- [http-nio-9006-exec-5] m.m.a.RequestResponseBodyMethodProcessor : Read "application/json;charset=UTF-8" to [StockPredictDto(id=1528711135640027136, buyTime=null, beginDate=2022-05-02, endDate=2022-06-01, hole (truncated)...]
2022-06-01 07:33:27.136 DEBUG 67503 --- [http-nio-9006-exec-5] m.m.a.RequestResponseBodyMethodProcessor : Using 'application/json', given [application/json, text/plain, */*] and supported [application/json, application/*+json, application/json, application/*+json]
2022-06-01 07:33:27.136 DEBUG 67503 --- [http-nio-9006-exec-5] m.m.a.RequestResponseBodyMethodProcessor : Writing [com.coatardbul.stock.common.api.CommonResult@70506761]
2022-06-01 07:33:27.137 DEBUG 67503 --- [http-nio-9006-exec-5] o.s.web.servlet.DispatcherServlet        : Completed 200 OK
2022-06-01 07:33:27.152 DEBUG 67503 --- [http-nio-9006-exec-6] o.s.web.servlet.DispatcherServlet        : POST "/stock/stockPredict/getAll", parameters={}
2022-06-01 07:33:27.152 DEBUG 67503 --- [http-nio-9006-exec-6] s.w.s.m.m.a.RequestMappingHandlerMapping : Mapped to public com.coatardbul.stock.common.api.CommonResult com.coatardbul.stock.controller.StockTemplatedPredictController.getAll(com.coatardbul.stock.model.dto.StockPredictDto)
2022-06-01 07:33:27.153 DEBUG 67503 --- [http-nio-9006-exec-6] m.m.a.RequestResponseBodyMethodProcessor : Read "application/json;charset=UTF-8" to [StockPredictDto(id=1528711135640027136, buyTime=null, beginDate=2022-05-02, endDate=2022-06-01, hole (truncated)...]
2022-06-01 07:33:27.273 DEBUG 67503 --- [http-nio-9006-exec-6] m.m.a.RequestResponseBodyMethodProcessor : Using 'application/json', given [application/json, text/plain, */*] and supported [application/json, application/*+json, application/json, application/*+json]
2022-06-01 07:33:27.273 DEBUG 67503 --- [http-nio-9006-exec-6] m.m.a.RequestResponseBodyMethodProcessor : Writing [com.coatardbul.stock.common.api.CommonResult@5c79b27f]
2022-06-01 07:33:27.274 DEBUG 67503 --- [http-nio-9006-exec-6] o.s.web.servlet.DispatcherServlet        : Completed 200 OK
2022-06-01 07:34:21.805  INFO 67503 --- [Thread-56] o.s.c.n.e.s.EurekaServiceRegistry        : Unregistering application STOCK with eureka with status DOWN
2022-06-01 07:34:21.805  WARN 67503 --- [Thread-56] com.netflix.discovery.DiscoveryClient    : Saw local status change event StatusChangeEvent [timestamp=1654040061805, current=DOWN, previous=UP]
2022-06-01 07:34:21.811  INFO 67503 --- [DiscoveryClient-InstanceInfoReplicator-0] com.netflix.discovery.DiscoveryClient    : DiscoveryClient_STOCK/192.168.8.100:stock:9006: registering service...
2022-06-01 07:34:21.826  INFO 67503 --- [Thread-56] org.quartz.core.QuartzScheduler          : Scheduler quartzScheduler_$_NON_CLUSTERED paused.
2022-06-01 07:34:21.859  INFO 67503 --- [Thread-56] o.s.s.quartz.SchedulerFactoryBean        : Shutting down Quartz Scheduler
2022-06-01 07:34:21.859  INFO 67503 --- [Thread-56] org.quartz.core.QuartzScheduler          : Scheduler quartzScheduler_$_NON_CLUSTERED shutting down.
2022-06-01 07:34:21.859  INFO 67503 --- [Thread-56] org.quartz.core.QuartzScheduler          : Scheduler quartzScheduler_$_NON_CLUSTERED paused.
2022-06-01 07:34:21.860  INFO 67503 --- [Thread-56] org.quartz.core.QuartzScheduler          : Scheduler quartzScheduler_$_NON_CLUSTERED shutdown complete.
2022-06-01 07:34:21.866  INFO 67503 --- [Thread-56] o.s.s.concurrent.ThreadPoolTaskExecutor  : Shutting down ExecutorService 'applicationTaskExecutor'
2022-06-01 07:34:21.881  INFO 67503 --- [Thread-49] com.xxl.job.core.server.EmbedServer      : >>>>>>>>>>> xxl-job remoting server stop.
